#
# There is insufficient memory for the Java Runtime Environment to continue.
# Native memory allocation (mmap) failed to map 4194304 bytes for G1 virtual space
# Possible reasons:
#   The system is out of physical RAM or swap space
#   The process is running with CompressedOops enabled, and the Java Heap may be blocking the growth of the native heap
# Possible solutions:
#   Reduce memory load on the system
#   Increase physical memory or swap space
#   Check if swap backing store is full
#   Decrease Java heap size (-Xmx/-Xms)
#   Decrease number of Java threads
#   Decrease Java thread stack sizes (-Xss)
#   Set larger code cache with -XX:ReservedCodeCacheSize=
#   JVM is running with Unscaled Compressed Oops mode in which the Java heap is
#     placed in the first 4GB address space. The Java Heap base address is the
#     maximum limit for the native heap growth. Please use -XX:HeapBaseMinAddress
#     to set the Java Heap base and to place the Java Heap above 4GB virtual address.
# This output file may be truncated or incomplete.
#
#  Out of Memory Error (os_windows.cpp:3769), pid=22476, tid=22384
#
# JRE version: OpenJDK Runtime Environment (17.0.6) (build 17.0.6+0-b2043.56-10027231)
# Java VM: OpenJDK 64-Bit Server VM (17.0.6+0-b2043.56-10027231, mixed mode, tiered, compressed oops, compressed class ptrs, g1 gc, windows-amd64)
# No core dump will be written. Minidumps are not enabled by default on client versions of Windows
#

---------------  S U M M A R Y ------------

Command Line: --add-opens=java.base/java.util=ALL-UNNAMED --add-opens=java.base/java.lang=ALL-UNNAMED --add-opens=java.base/java.lang.invoke=ALL-UNNAMED --add-opens=java.base/java.util=ALL-UNNAMED --add-opens=java.prefs/java.util.prefs=ALL-UNNAMED --add-opens=java.prefs/java.util.prefs=ALL-UNNAMED --add-opens=java.base/java.nio.charset=ALL-UNNAMED --add-opens=java.base/java.net=ALL-UNNAMED --add-opens=java.base/java.util.concurrent.atomic=ALL-UNNAMED -Xmx2048m -Dfile.encoding=UTF-8 -Duser.country=KR -Duser.language=ko -Duser.variant org.gradle.launcher.daemon.bootstrap.GradleDaemon 7.5.1

Host: 11th Gen Intel(R) Core(TM) i7-1165G7 @ 2.80GHz, 8 cores, 7G,  Windows 10 , 64 bit Build 19041 (10.0.19041.3570)
Time: Sun Nov 12 15:26:21 2023  Windows 10 , 64 bit Build 19041 (10.0.19041.3570) elapsed time: 5.765550 seconds (0d 0h 0m 5s)

---------------  T H R E A D  ---------------

Current thread (0x000001c471820280):  VMThread "VM Thread" [stack: 0x000000b5a9e00000,0x000000b5a9f00000] [id=22384]

Stack: [0x000000b5a9e00000,0x000000b5a9f00000]
Native frames: (J=compiled Java code, j=interpreted, Vv=VM code, C=native code)
V  [jvm.dll+0x683c9a]
V  [jvm.dll+0x8427a4]
V  [jvm.dll+0x843f9e]
V  [jvm.dll+0x844603]
V  [jvm.dll+0x249b75]
V  [jvm.dll+0x680b69]
V  [jvm.dll+0x67505a]
V  [jvm.dll+0x309acb]
V  [jvm.dll+0x310f86]
V  [jvm.dll+0x3608ee]
V  [jvm.dll+0x360b1f]
V  [jvm.dll+0x2dfbf8]
V  [jvm.dll+0x2e2ce6]
V  [jvm.dll+0x2ed478]
V  [jvm.dll+0x322150]
V  [jvm.dll+0x848ccb]
V  [jvm.dll+0x849a04]
V  [jvm.dll+0x849f1d]
V  [jvm.dll+0x84a2f4]
V  [jvm.dll+0x84a3c0]
V  [jvm.dll+0x7f274a]
V  [jvm.dll+0x682ad5]
C  [ucrtbase.dll+0x21bb2]
C  [KERNEL32.DLL+0x17344]
C  [ntdll.dll+0x526b1]

VM_Operation (0x000000b5a9aff7d0): G1Concurrent, mode: safepoint, requested by thread 0x000001c45704c2d0


---------------  P R O C E S S  ---------------

Threads class SMR info:
_java_thread_list=0x000001c4762a3150, length=42, elements={
0x000001c456fdbca0, 0x000001c470e3ecd0, 0x000001c470e3f3a0, 0x000001c47185b440,
0x000001c471847ca0, 0x000001c471848560, 0x000001c47185c0f0, 0x000001c47185cd90,
0x000001c471881590, 0x000001c47188beb0, 0x000001c4719ea0f0, 0x000001c4719f06c0,
0x000001c473d8e7e0, 0x000001c4731a3470, 0x000001c47336e530, 0x000001c473f67810,
0x000001c472fce380, 0x000001c472778750, 0x000001c472776f40, 0x000001c472777db0,
0x000001c472776a70, 0x000001c472777410, 0x000001c4727778e0, 0x000001c472778c20,
0x000001c472778280, 0x000001c4727795c0, 0x000001c472775c00, 0x000001c4727760d0,
0x000001c474b45cc0, 0x000001c474b457f0, 0x000001c474b48ce0, 0x000001c474b491b0,
0x000001c474b48810, 0x000001c474b479a0, 0x000001c474b46190, 0x000001c473f199e0,
0x000001c474b47e70, 0x000001c474b474d0, 0x000001c474b46660, 0x000001c474b46b30,
0x000001c474b48340, 0x000001c475dbf160
}

Java Threads: ( => current thread )
  0x000001c456fdbca0 JavaThread "main" [_thread_blocked, id=18440, stack(0x000000b5a9800000,0x000000b5a9900000)]
  0x000001c470e3ecd0 JavaThread "Reference Handler" daemon [_thread_blocked, id=23248, stack(0x000000b5a9f00000,0x000000b5aa000000)]
  0x000001c470e3f3a0 JavaThread "Finalizer" daemon [_thread_blocked, id=25140, stack(0x000000b5aa000000,0x000000b5aa100000)]
  0x000001c47185b440 JavaThread "Signal Dispatcher" daemon [_thread_blocked, id=11124, stack(0x000000b5aa100000,0x000000b5aa200000)]
  0x000001c471847ca0 JavaThread "Attach Listener" daemon [_thread_blocked, id=25248, stack(0x000000b5aa200000,0x000000b5aa300000)]
  0x000001c471848560 JavaThread "Service Thread" daemon [_thread_blocked, id=24912, stack(0x000000b5aa300000,0x000000b5aa400000)]
  0x000001c47185c0f0 JavaThread "Monitor Deflation Thread" daemon [_thread_blocked, id=21532, stack(0x000000b5aa400000,0x000000b5aa500000)]
  0x000001c47185cd90 JavaThread "C2 CompilerThread0" daemon [_thread_blocked, id=14416, stack(0x000000b5aa500000,0x000000b5aa600000)]
  0x000001c471881590 JavaThread "C1 CompilerThread0" daemon [_thread_blocked, id=7356, stack(0x000000b5aa600000,0x000000b5aa700000)]
  0x000001c47188beb0 JavaThread "Sweeper thread" daemon [_thread_blocked, id=10508, stack(0x000000b5aa700000,0x000000b5aa800000)]
  0x000001c4719ea0f0 JavaThread "Common-Cleaner" daemon [_thread_blocked, id=9452, stack(0x000000b5aa800000,0x000000b5aa900000)]
  0x000001c4719f06c0 JavaThread "Notification Thread" daemon [_thread_blocked, id=15760, stack(0x000000b5aa900000,0x000000b5aaa00000)]
  0x000001c473d8e7e0 JavaThread "Daemon health stats" [_thread_blocked, id=21772, stack(0x000000b5aaf00000,0x000000b5ab000000)]
  0x000001c4731a3470 JavaThread "Incoming local TCP Connector on port 54475" [_thread_in_native, id=11556, stack(0x000000b5ab100000,0x000000b5ab200000)]
  0x000001c47336e530 JavaThread "Daemon periodic checks" [_thread_blocked, id=24132, stack(0x000000b5ab200000,0x000000b5ab300000)]
  0x000001c473f67810 JavaThread "Daemon" [_thread_blocked, id=7504, stack(0x000000b5ab300000,0x000000b5ab400000)]
  0x000001c472fce380 JavaThread "Handler for socket connection from /127.0.0.1:54475 to /127.0.0.1:54476" [_thread_in_native, id=12712, stack(0x000000b5ab400000,0x000000b5ab500000)]
  0x000001c472778750 JavaThread "Cancel handler" [_thread_blocked, id=16716, stack(0x000000b5ab500000,0x000000b5ab600000)]
  0x000001c472776f40 JavaThread "Daemon worker" [_thread_blocked, id=2620, stack(0x000000b5ab600000,0x000000b5ab700000)]
  0x000001c472777db0 JavaThread "Asynchronous log dispatcher for DefaultDaemonConnection: socket connection from /127.0.0.1:54475 to /127.0.0.1:54476" [_thread_blocked, id=26392, stack(0x000000b5ab700000,0x000000b5ab800000)]
  0x000001c472776a70 JavaThread "Stdin handler" [_thread_blocked, id=25664, stack(0x000000b5ab800000,0x000000b5ab900000)]
  0x000001c472777410 JavaThread "Daemon client event forwarder" [_thread_blocked, id=5968, stack(0x000000b5ab900000,0x000000b5aba00000)]
  0x000001c4727778e0 JavaThread "Cache worker for journal cache (C:\Users\USER\.gradle\caches\journal-1)" [_thread_blocked, id=21828, stack(0x000000b5aba00000,0x000000b5abb00000)]
  0x000001c472778c20 JavaThread "File lock request listener" [_thread_in_native, id=23680, stack(0x000000b5abb00000,0x000000b5abc00000)]
  0x000001c472778280 JavaThread "Cache worker for file hash cache (C:\Users\USER\.gradle\caches\7.5.1\fileHashes)" [_thread_blocked, id=20000, stack(0x000000b5ac000000,0x000000b5ac100000)]
  0x000001c4727795c0 JavaThread "File watcher server" daemon [_thread_in_native, id=26192, stack(0x000000b5ac100000,0x000000b5ac200000)]
  0x000001c472775c00 JavaThread "File watcher consumer" daemon [_thread_blocked, id=12680, stack(0x000000b5ac200000,0x000000b5ac300000)]
  0x000001c4727760d0 JavaThread "jar transforms" [_thread_blocked, id=21360, stack(0x000000b5ab000000,0x000000b5ab100000)]
  0x000001c474b45cc0 JavaThread "jar transforms Thread 2" [_thread_blocked, id=19612, stack(0x000000b5ac300000,0x000000b5ac400000)]
  0x000001c474b457f0 JavaThread "jar transforms Thread 3" [_thread_blocked, id=4100, stack(0x000000b5ac400000,0x000000b5ac500000)]
  0x000001c474b48ce0 JavaThread "jar transforms Thread 4" [_thread_blocked, id=11400, stack(0x000000b5ac500000,0x000000b5ac600000)]
  0x000001c474b491b0 JavaThread "jar transforms Thread 5" [_thread_blocked, id=7764, stack(0x000000b5ac600000,0x000000b5ac700000)]
  0x000001c474b48810 JavaThread "jar transforms Thread 6" [_thread_blocked, id=15844, stack(0x000000b5ac700000,0x000000b5ac800000)]
  0x000001c474b479a0 JavaThread "jar transforms Thread 7" [_thread_blocked, id=24164, stack(0x000000b5ac800000,0x000000b5ac900000)]
  0x000001c474b46190 JavaThread "jar transforms Thread 8" [_thread_blocked, id=23056, stack(0x000000b5ac900000,0x000000b5aca00000)]
  0x000001c473f199e0 JavaThread "C2 CompilerThread1" daemon [_thread_in_native, id=1364, stack(0x000000b5aca00000,0x000000b5acb00000)]
  0x000001c474b47e70 JavaThread "Cache worker for checksums cache (C:\Users\USER\AndroidStudioProjects\Real_jook\.gradle\7.5.1\checksums)" [_thread_blocked, id=14860, stack(0x000000b5acb00000,0x000000b5acc00000)]
  0x000001c474b474d0 JavaThread "Cache worker for cache directory md-rule (C:\Users\USER\.gradle\caches\7.5.1\md-rule)" [_thread_blocked, id=24488, stack(0x000000b5acc00000,0x000000b5acd00000)]
  0x000001c474b46660 JavaThread "Cache worker for file content cache (C:\Users\USER\.gradle\caches\7.5.1\fileContent)" [_thread_blocked, id=24704, stack(0x000000b5acd00000,0x000000b5ace00000)]
  0x000001c474b46b30 JavaThread "Cache worker for file hash cache (C:\Users\USER\AndroidStudioProjects\Real_jook\.gradle\7.5.1\fileHashes)" [_thread_blocked, id=8868, stack(0x000000b5ace00000,0x000000b5acf00000)]
  0x000001c474b48340 JavaThread "Cache worker for cache directory md-supplier (C:\Users\USER\.gradle\caches\7.5.1\md-supplier)" [_thread_blocked, id=19556, stack(0x000000b5acf00000,0x000000b5ad000000)]
  0x000001c475dbf160 JavaThread "Cache worker for execution history cache (C:\Users\USER\.gradle\caches\7.5.1\executionHistory)" [_thread_blocked, id=22272, stack(0x000000b5ad000000,0x000000b5ad100000)]

Other Threads:
=>0x000001c471820280 VMThread "VM Thread" [stack: 0x000000b5a9e00000,0x000000b5a9f00000] [id=22384]
  0x000001c457057d00 WatcherThread [stack: 0x000000b5aaa00000,0x000000b5aab00000] [id=25044]
  0x000001c457039cd0 GCTaskThread "GC Thread#0" [stack: 0x000000b5a9900000,0x000000b5a9a00000] [id=10532]
  0x000001c4729c3b20 GCTaskThread "GC Thread#1" [stack: 0x000000b5aab00000,0x000000b5aac00000] [id=6572]
  0x000001c471c5b930 GCTaskThread "GC Thread#2" [stack: 0x000000b5aac00000,0x000000b5aad00000] [id=11344]
  0x000001c4728879b0 GCTaskThread "GC Thread#3" [stack: 0x000000b5aad00000,0x000000b5aae00000] [id=10808]
  0x000001c47243bce0 GCTaskThread "GC Thread#4" [stack: 0x000000b5aae00000,0x000000b5aaf00000] [id=25900]
  0x000001c473e981f0 GCTaskThread "GC Thread#5" [stack: 0x000000b5abc00000,0x000000b5abd00000] [id=2072]
  0x000001c473daa360 GCTaskThread "GC Thread#6" [stack: 0x000000b5abd00000,0x000000b5abe00000] [id=23572]
  0x000001c473f1a460 GCTaskThread "GC Thread#7" [stack: 0x000000b5abe00000,0x000000b5abf00000] [id=26360]
  0x000001c45704c2d0 ConcurrentGCThread "G1 Main Marker" [stack: 0x000000b5a9a00000,0x000000b5a9b00000] [id=14552]
  0x000001c45704cbf0 ConcurrentGCThread "G1 Conc#0" [stack: 0x000000b5a9b00000,0x000000b5a9c00000] [id=22688]
  0x000001c473e38900 ConcurrentGCThread "G1 Conc#1" [stack: 0x000000b5abf00000,0x000000b5ac000000] [id=3640]
  0x000001c4570ae050 ConcurrentGCThread "G1 Refine#0" [stack: 0x000000b5a9c00000,0x000000b5a9d00000] [id=26344]
  0x000001c4570ae980 ConcurrentGCThread "G1 Service" [stack: 0x000000b5a9d00000,0x000000b5a9e00000] [id=12976]

Threads with active compile tasks:
C2 CompilerThread0     5797 5199       4       org.objectweb.asm.MethodWriter::visitMethodInsn (191 bytes)
C2 CompilerThread1     5797 5014 %     4       org.objectweb.asm.ClassReader::readCode @ 92 (5109 bytes)

VM state: at safepoint (normal execution)

VM Mutex/Monitor currently owned by a thread:  ([mutex/lock_event])
[0x000001c456fd6930] Threads_lock - owner thread: 0x000001c471820280
[0x000001c456fd7f20] Heap_lock - owner thread: 0x000001c45704c2d0

Heap address: 0x0000000080000000, size: 2048 MB, Compressed Oops mode: 32-bit

CDS archive(s) not mapped
Compressed class space mapped at: 0x0000000100000000-0x0000000140000000, reserved size: 1073741824
Narrow klass base: 0x0000000000000000, Narrow klass shift: 3, Narrow klass range: 0x140000000

GC Precious Log:
 CPUs: 8 total, 8 available
 Memory: 7865M
 Large Page Support: Disabled
 NUMA Support: Disabled
 Compressed Oops: Enabled (32-bit)
 Heap Region Size: 1M
 Heap Min Capacity: 8M
 Heap Initial Capacity: 124M
 Heap Max Capacity: 2G
 Pre-touch: Disabled
 Parallel Workers: 8
 Concurrent Workers: 2
 Concurrent Refinement Workers: 8
 Periodic GC: Disabled

Heap:
 garbage-first heap   total 122880K, used 73384K [0x0000000080000000, 0x0000000100000000)
  region size 1024K, 12 young (12288K), 5 survivors (5120K)
 Metaspace       used 51196K, committed 51648K, reserved 1097728K
  class space    used 6807K, committed 7040K, reserved 1048576K

Heap Regions: E=young(eden), S=young(survivor), O=old, HS=humongous(starts), HC=humongous(continues), CS=collection set, F=free, OA=open archive, CA=closed archive, TAMS=top-at-mark-start (previous, next)
|   0|0x0000000080000000, 0x0000000080100000, 0x0000000080100000|100%| O|  |TAMS 0x0000000080100000, 0x0000000080000000| Untracked 
|   1|0x0000000080100000, 0x0000000080200000, 0x0000000080200000|100%| O|  |TAMS 0x0000000080200000, 0x0000000080100000| Updating 
|   2|0x0000000080200000, 0x0000000080300000, 0x0000000080300000|100%| O|  |TAMS 0x0000000080300000, 0x0000000080200000| Untracked 
|   3|0x0000000080300000, 0x0000000080400000, 0x0000000080400000|100%|HS|  |TAMS 0x0000000080400000, 0x0000000080300000| Complete 
|   4|0x0000000080400000, 0x0000000080500000, 0x0000000080500000|100%|HC|  |TAMS 0x0000000080500000, 0x0000000080400000| Complete 
|   5|0x0000000080500000, 0x0000000080600000, 0x0000000080600000|100%|HC|  |TAMS 0x0000000080600000, 0x0000000080500000| Complete 
|   6|0x0000000080600000, 0x0000000080700000, 0x0000000080700000|100%| O|  |TAMS 0x0000000080700000, 0x0000000080600000| Untracked 
|   7|0x0000000080700000, 0x0000000080800000, 0x0000000080800000|100%| O|  |TAMS 0x0000000080800000, 0x0000000080700000| Untracked 
|   8|0x0000000080800000, 0x0000000080900000, 0x0000000080900000|100%| O|  |TAMS 0x0000000080900000, 0x0000000080800000| Untracked 
|   9|0x0000000080900000, 0x0000000080a00000, 0x0000000080a00000|100%| O|  |TAMS 0x0000000080a00000, 0x0000000080900000| Untracked 
|  10|0x0000000080a00000, 0x0000000080a28a00, 0x0000000080b00000| 15%| O|  |TAMS 0x0000000080a28a00, 0x0000000080a00000| Updating 
|  11|0x0000000080b00000, 0x0000000080c00000, 0x0000000080c00000|100%| O|  |TAMS 0x0000000080c00000, 0x0000000080b00000| Untracked 
|  12|0x0000000080c00000, 0x0000000080d00000, 0x0000000080d00000|100%| O|  |TAMS 0x0000000080d00000, 0x0000000080c00000| Untracked 
|  13|0x0000000080d00000, 0x0000000080e00000, 0x0000000080e00000|100%| O|  |TAMS 0x0000000080e00000, 0x0000000080d00000| Untracked 
|  14|0x0000000080e00000, 0x0000000080f00000, 0x0000000080f00000|100%| O|  |TAMS 0x0000000080f00000, 0x0000000080e00000| Untracked 
|  15|0x0000000080f00000, 0x0000000081000000, 0x0000000081000000|100%| O|  |TAMS 0x0000000081000000, 0x0000000080f00000| Untracked 
|  16|0x0000000081000000, 0x0000000081100000, 0x0000000081100000|100%| O|  |TAMS 0x0000000081100000, 0x0000000081000000| Untracked 
|  17|0x0000000081100000, 0x0000000081200000, 0x0000000081200000|100%| O|  |TAMS 0x0000000081200000, 0x0000000081100000| Untracked 
|  18|0x0000000081200000, 0x0000000081300000, 0x0000000081300000|100%|HS|  |TAMS 0x0000000081300000, 0x0000000081200000| Complete 
|  19|0x0000000081300000, 0x0000000081400000, 0x0000000081400000|100%|HC|  |TAMS 0x0000000081400000, 0x0000000081300000| Complete 
|  20|0x0000000081400000, 0x0000000081500000, 0x0000000081500000|100%| O|  |TAMS 0x0000000081500000, 0x0000000081400000| Updating 
|  21|0x0000000081500000, 0x0000000081600000, 0x0000000081600000|100%|HS|  |TAMS 0x0000000081600000, 0x0000000081500000| Complete 
|  22|0x0000000081600000, 0x0000000081700000, 0x0000000081700000|100%|HC|  |TAMS 0x0000000081700000, 0x0000000081600000| Complete 
|  23|0x0000000081700000, 0x0000000081800000, 0x0000000081800000|100%| O|  |TAMS 0x0000000081800000, 0x0000000081700000| Untracked 
|  24|0x0000000081800000, 0x0000000081900000, 0x0000000081900000|100%|HS|  |TAMS 0x0000000081900000, 0x0000000081800000| Complete 
|  25|0x0000000081900000, 0x0000000081a00000, 0x0000000081a00000|100%|HC|  |TAMS 0x0000000081a00000, 0x0000000081900000| Complete 
|  26|0x0000000081a00000, 0x0000000081b00000, 0x0000000081b00000|100%|HC|  |TAMS 0x0000000081b00000, 0x0000000081a00000| Complete 
|  27|0x0000000081b00000, 0x0000000081c00000, 0x0000000081c00000|100%|HS|  |TAMS 0x0000000081c00000, 0x0000000081b00000| Complete 
|  28|0x0000000081c00000, 0x0000000081d00000, 0x0000000081d00000|100%|HC|  |TAMS 0x0000000081d00000, 0x0000000081c00000| Complete 
|  29|0x0000000081d00000, 0x0000000081e00000, 0x0000000081e00000|100%|HC|  |TAMS 0x0000000081e00000, 0x0000000081d00000| Complete 
|  30|0x0000000081e00000, 0x0000000081f00000, 0x0000000081f00000|100%| O|  |TAMS 0x0000000081f00000, 0x0000000081e00000| Updating 
|  31|0x0000000081f00000, 0x0000000082000000, 0x0000000082000000|100%| O|  |TAMS 0x0000000082000000, 0x0000000081f00000| Updating 
|  32|0x0000000082000000, 0x0000000082100000, 0x0000000082100000|100%|HS|  |TAMS 0x0000000082100000, 0x0000000082000000| Complete 
|  33|0x0000000082100000, 0x0000000082200000, 0x0000000082200000|100%|HC|  |TAMS 0x0000000082200000, 0x0000000082100000| Complete 
|  34|0x0000000082200000, 0x0000000082300000, 0x0000000082300000|100%|HC|  |TAMS 0x0000000082300000, 0x0000000082200000| Complete 
|  35|0x0000000082300000, 0x0000000082400000, 0x0000000082400000|100%|HC|  |TAMS 0x0000000082400000, 0x0000000082300000| Complete 
|  36|0x0000000082400000, 0x0000000082500000, 0x0000000082500000|100%|HC|  |TAMS 0x0000000082500000, 0x0000000082400000| Complete 
|  37|0x0000000082500000, 0x0000000082600000, 0x0000000082600000|100%|HC|  |TAMS 0x0000000082600000, 0x0000000082500000| Complete 
|  38|0x0000000082600000, 0x0000000082700000, 0x0000000082700000|100%|HC|  |TAMS 0x0000000082700000, 0x0000000082600000| Complete 
|  39|0x0000000082700000, 0x0000000082800000, 0x0000000082800000|100%|HC|  |TAMS 0x0000000082800000, 0x0000000082700000| Complete 
|  40|0x0000000082800000, 0x0000000082900000, 0x0000000082900000|100%|HC|  |TAMS 0x0000000082900000, 0x0000000082800000| Complete 
|  41|0x0000000082900000, 0x0000000082a00000, 0x0000000082a00000|100%|HC|  |TAMS 0x0000000082a00000, 0x0000000082900000| Complete 
|  42|0x0000000082a00000, 0x0000000082b00000, 0x0000000082b00000|100%|HC|  |TAMS 0x0000000082b00000, 0x0000000082a00000| Complete 
|  43|0x0000000082b00000, 0x0000000082c00000, 0x0000000082c00000|100%|HC|  |TAMS 0x0000000082c00000, 0x0000000082b00000| Complete 
|  44|0x0000000082c00000, 0x0000000082d00000, 0x0000000082d00000|100%| O|  |TAMS 0x0000000082d00000, 0x0000000082c00000| Untracked 
|  45|0x0000000082d00000, 0x0000000082e00000, 0x0000000082e00000|100%| O|  |TAMS 0x0000000082e00000, 0x0000000082d00000| Updating 
|  46|0x0000000082e00000, 0x0000000082f00000, 0x0000000082f00000|100%| O|  |TAMS 0x0000000082f00000, 0x0000000082e00000| Untracked 
|  47|0x0000000082f00000, 0x0000000083000000, 0x0000000083000000|100%| O|  |TAMS 0x0000000083000000, 0x0000000082f00000| Untracked 
|  48|0x0000000083000000, 0x0000000083100000, 0x0000000083100000|100%| O|  |TAMS 0x0000000083100000, 0x0000000083000000| Updating 
|  49|0x0000000083100000, 0x0000000083200000, 0x0000000083200000|100%| O|  |TAMS 0x0000000083200000, 0x0000000083100000| Untracked 
|  50|0x0000000083200000, 0x0000000083300000, 0x0000000083300000|100%| O|  |TAMS 0x0000000083300000, 0x0000000083200000| Untracked 
|  51|0x0000000083300000, 0x0000000083400000, 0x0000000083400000|100%| O|  |TAMS 0x0000000083400000, 0x0000000083300000| Updating 
|  52|0x0000000083400000, 0x00000000834f0e00, 0x0000000083500000| 94%| O|  |TAMS 0x00000000834f0e00, 0x0000000083400000| Untracked 
|  53|0x0000000083500000, 0x0000000083600000, 0x0000000083600000|100%|HS|  |TAMS 0x0000000083500000, 0x0000000083500000| Complete 
|  54|0x0000000083600000, 0x0000000083600000, 0x0000000083700000|  0%| F|  |TAMS 0x0000000083600000, 0x0000000083600000| Untracked 
|  55|0x0000000083700000, 0x0000000083800000, 0x0000000083800000|100%| O|  |TAMS 0x0000000083800000, 0x0000000083700000| Untracked 
|  56|0x0000000083800000, 0x00000000838ffff8, 0x0000000083900000| 99%| O|  |TAMS 0x00000000838ffff8, 0x0000000083800000| Untracked 
|  57|0x0000000083900000, 0x0000000083a00000, 0x0000000083a00000|100%| O|  |TAMS 0x0000000083a00000, 0x0000000083900000| Untracked 
|  58|0x0000000083a00000, 0x0000000083b00000, 0x0000000083b00000|100%| O|  |TAMS 0x0000000083b00000, 0x0000000083a00000| Untracked 
|  59|0x0000000083b00000, 0x0000000083c00000, 0x0000000083c00000|100%| O|  |TAMS 0x0000000083c00000, 0x0000000083b00000| Untracked 
|  60|0x0000000083c00000, 0x0000000083d00000, 0x0000000083d00000|100%|HS|  |TAMS 0x0000000083d00000, 0x0000000083c00000| Complete 
|  61|0x0000000083d00000, 0x0000000083e00000, 0x0000000083e00000|100%|HC|  |TAMS 0x0000000083e00000, 0x0000000083d00000| Complete 
|  62|0x0000000083e00000, 0x0000000083f00000, 0x0000000083f00000|100%|HC|  |TAMS 0x0000000083f00000, 0x0000000083e00000| Complete 
|  63|0x0000000083f00000, 0x0000000083f00000, 0x0000000084000000|  0%| F|  |TAMS 0x0000000083f00000, 0x0000000083f00000| Untracked 
|  64|0x0000000084000000, 0x0000000084000000, 0x0000000084100000|  0%| F|  |TAMS 0x0000000084000000, 0x0000000084000000| Untracked 
|  65|0x0000000084100000, 0x0000000084100000, 0x0000000084200000|  0%| F|  |TAMS 0x0000000084100000, 0x0000000084100000| Untracked 
|  66|0x0000000084200000, 0x0000000084200000, 0x0000000084300000|  0%| F|  |TAMS 0x0000000084200000, 0x0000000084200000| Untracked 
|  67|0x0000000084300000, 0x0000000084300000, 0x0000000084400000|  0%| F|  |TAMS 0x0000000084300000, 0x0000000084300000| Untracked 
|  68|0x0000000084400000, 0x0000000084400000, 0x0000000084500000|  0%| F|  |TAMS 0x0000000084400000, 0x0000000084400000| Untracked 
|  69|0x0000000084500000, 0x0000000084500000, 0x0000000084600000|  0%| F|  |TAMS 0x0000000084500000, 0x0000000084500000| Untracked 
|  70|0x0000000084600000, 0x0000000084600000, 0x0000000084700000|  0%| F|  |TAMS 0x0000000084600000, 0x0000000084600000| Untracked 
|  71|0x0000000084700000, 0x0000000084700000, 0x0000000084800000|  0%| F|  |TAMS 0x0000000084700000, 0x0000000084700000| Untracked 
|  72|0x0000000084800000, 0x0000000084800000, 0x0000000084900000|  0%| F|  |TAMS 0x0000000084800000, 0x0000000084800000| Untracked 
|  73|0x0000000084900000, 0x0000000084900000, 0x0000000084a00000|  0%| F|  |TAMS 0x0000000084900000, 0x0000000084900000| Untracked 
|  74|0x0000000084a00000, 0x0000000084a00000, 0x0000000084b00000|  0%| F|  |TAMS 0x0000000084a00000, 0x0000000084a00000| Untracked 
|  75|0x0000000084b00000, 0x0000000084b00000, 0x0000000084c00000|  0%| F|  |TAMS 0x0000000084b00000, 0x0000000084b00000| Untracked 
|  76|0x0000000084c00000, 0x0000000084c00000, 0x0000000084d00000|  0%| F|  |TAMS 0x0000000084c00000, 0x0000000084c00000| Untracked 
|  77|0x0000000084d00000, 0x0000000084d00000, 0x0000000084e00000|  0%| F|  |TAMS 0x0000000084d00000, 0x0000000084d00000| Untracked 
|  78|0x0000000084e00000, 0x0000000084e00000, 0x0000000084f00000|  0%| F|  |TAMS 0x0000000084e00000, 0x0000000084e00000| Untracked 
|  79|0x0000000084f00000, 0x0000000084f00000, 0x0000000085000000|  0%| F|  |TAMS 0x0000000084f00000, 0x0000000084f00000| Untracked 
|  80|0x0000000085000000, 0x0000000085000000, 0x0000000085100000|  0%| F|  |TAMS 0x0000000085000000, 0x0000000085000000| Untracked 
|  81|0x0000000085100000, 0x0000000085100000, 0x0000000085200000|  0%| F|  |TAMS 0x0000000085100000, 0x0000000085100000| Untracked 
|  82|0x0000000085200000, 0x0000000085200000, 0x0000000085300000|  0%| F|  |TAMS 0x0000000085200000, 0x0000000085200000| Untracked 
|  83|0x0000000085300000, 0x0000000085300000, 0x0000000085400000|  0%| F|  |TAMS 0x0000000085300000, 0x0000000085300000| Untracked 
|  84|0x0000000085400000, 0x0000000085400000, 0x0000000085500000|  0%| F|  |TAMS 0x0000000085400000, 0x0000000085400000| Untracked 
|  85|0x0000000085500000, 0x0000000085500000, 0x0000000085600000|  0%| F|  |TAMS 0x0000000085500000, 0x0000000085500000| Untracked 
|  86|0x0000000085600000, 0x0000000085600000, 0x0000000085700000|  0%| F|  |TAMS 0x0000000085600000, 0x0000000085600000| Untracked 
|  87|0x0000000085700000, 0x0000000085700000, 0x0000000085800000|  0%| F|  |TAMS 0x0000000085700000, 0x0000000085700000| Untracked 
|  88|0x0000000085800000, 0x0000000085800000, 0x0000000085900000|  0%| F|  |TAMS 0x0000000085800000, 0x0000000085800000| Untracked 
|  89|0x0000000085900000, 0x0000000085900000, 0x0000000085a00000|  0%| F|  |TAMS 0x0000000085900000, 0x0000000085900000| Untracked 
|  90|0x0000000085a00000, 0x0000000085a00000, 0x0000000085b00000|  0%| F|  |TAMS 0x0000000085a00000, 0x0000000085a00000| Untracked 
|  91|0x0000000085b00000, 0x0000000085b00000, 0x0000000085c00000|  0%| F|  |TAMS 0x0000000085b00000, 0x0000000085b00000| Untracked 
|  92|0x0000000085c00000, 0x0000000085c00000, 0x0000000085d00000|  0%| F|  |TAMS 0x0000000085c00000, 0x0000000085c00000| Untracked 
|  93|0x0000000085d00000, 0x0000000085d00000, 0x0000000085e00000|  0%| F|  |TAMS 0x0000000085d00000, 0x0000000085d00000| Untracked 
|  94|0x0000000085e00000, 0x0000000085e00000, 0x0000000085f00000|  0%| F|  |TAMS 0x0000000085e00000, 0x0000000085e00000| Untracked 
|  95|0x0000000085f00000, 0x0000000085f00000, 0x0000000086000000|  0%| F|  |TAMS 0x0000000085f00000, 0x0000000085f00000| Untracked 
|  96|0x0000000086000000, 0x0000000086000000, 0x0000000086100000|  0%| F|  |TAMS 0x0000000086000000, 0x0000000086000000| Untracked 
|  97|0x0000000086100000, 0x0000000086100000, 0x0000000086200000|  0%| F|  |TAMS 0x0000000086100000, 0x0000000086100000| Untracked 
|  98|0x0000000086200000, 0x0000000086200000, 0x0000000086300000|  0%| F|  |TAMS 0x0000000086200000, 0x0000000086200000| Untracked 
|  99|0x0000000086300000, 0x0000000086300000, 0x0000000086400000|  0%| F|  |TAMS 0x0000000086300000, 0x0000000086300000| Untracked 
| 100|0x0000000086400000, 0x0000000086400000, 0x0000000086500000|  0%| F|  |TAMS 0x0000000086400000, 0x0000000086400000| Untracked 
| 101|0x0000000086500000, 0x0000000086500000, 0x0000000086600000|  0%| F|  |TAMS 0x0000000086500000, 0x0000000086500000| Untracked 
| 102|0x0000000086600000, 0x0000000086600000, 0x0000000086700000|  0%| F|  |TAMS 0x0000000086600000, 0x0000000086600000| Untracked 
| 103|0x0000000086700000, 0x0000000086700000, 0x0000000086800000|  0%| F|  |TAMS 0x0000000086700000, 0x0000000086700000| Untracked 
| 104|0x0000000086800000, 0x0000000086800000, 0x0000000086900000|  0%| F|  |TAMS 0x0000000086800000, 0x0000000086800000| Untracked 
| 105|0x0000000086900000, 0x0000000086900000, 0x0000000086a00000|  0%| F|  |TAMS 0x0000000086900000, 0x0000000086900000| Untracked 
| 106|0x0000000086a00000, 0x0000000086a908b8, 0x0000000086b00000| 56%| S|CS|TAMS 0x0000000086a00000, 0x0000000086a00000| Complete 
| 107|0x0000000086b00000, 0x0000000086c00000, 0x0000000086c00000|100%| S|CS|TAMS 0x0000000086b00000, 0x0000000086b00000| Complete 
| 108|0x0000000086c00000, 0x0000000086d00000, 0x0000000086d00000|100%| S|CS|TAMS 0x0000000086c00000, 0x0000000086c00000| Complete 
| 109|0x0000000086d00000, 0x0000000086e00000, 0x0000000086e00000|100%| S|CS|TAMS 0x0000000086d00000, 0x0000000086d00000| Complete 
| 110|0x0000000086e00000, 0x0000000086f00000, 0x0000000086f00000|100%| S|CS|TAMS 0x0000000086e00000, 0x0000000086e00000| Complete 
| 111|0x0000000086f00000, 0x0000000086f00000, 0x0000000087000000|  0%| F|  |TAMS 0x0000000086f00000, 0x0000000086f00000| Untracked 
| 112|0x0000000087000000, 0x0000000087000000, 0x0000000087100000|  0%| F|  |TAMS 0x0000000087000000, 0x0000000087000000| Untracked 
| 113|0x0000000087100000, 0x0000000087185070, 0x0000000087200000| 51%| E|  |TAMS 0x0000000087100000, 0x0000000087100000| Complete 
| 114|0x0000000087200000, 0x0000000087300000, 0x0000000087300000|100%| E|CS|TAMS 0x0000000087200000, 0x0000000087200000| Complete 
| 115|0x0000000087300000, 0x0000000087400000, 0x0000000087400000|100%| E|CS|TAMS 0x0000000087300000, 0x0000000087300000| Complete 
| 116|0x0000000087400000, 0x0000000087500000, 0x0000000087500000|100%| E|CS|TAMS 0x0000000087400000, 0x0000000087400000| Complete 
| 117|0x0000000087500000, 0x0000000087600000, 0x0000000087600000|100%| E|CS|TAMS 0x0000000087500000, 0x0000000087500000| Complete 
| 118|0x0000000087600000, 0x0000000087700000, 0x0000000087700000|100%| E|CS|TAMS 0x0000000087600000, 0x0000000087600000| Complete 
| 123|0x0000000087b00000, 0x0000000087c00000, 0x0000000087c00000|100%| E|CS|TAMS 0x0000000087b00000, 0x0000000087b00000| Complete 

Card table byte_map: [0x000001c469be0000,0x000001c469fe0000] _byte_map_base: 0x000001c4697e0000

Marking Bits (Prev, Next): (CMBitMap*) 0x000001c45703b200, (CMBitMap*) 0x000001c45703b240
 Prev Bits: [0x000001c46a3e0000, 0x000001c46c3e0000)
 Next Bits: [0x000001c46c3e0000, 0x000001c46e3e0000)

Polling page: 0x000001c454f70000

Metaspace:

Usage:
  Non-class:     43.35 MB used.
      Class:      6.65 MB used.
       Both:     50.00 MB used.

Virtual space:
  Non-class space:       48.00 MB reserved,      43.56 MB ( 91%) committed,  6 nodes.
      Class space:        1.00 GB reserved,       6.88 MB ( <1%) committed,  1 nodes.
             Both:        1.05 GB reserved,      50.44 MB (  5%) committed. 

Chunk freelists:
   Non-Class:  3.71 MB
       Class:  1.18 MB
        Both:  4.89 MB

MaxMetaspaceSize: unlimited
CompressedClassSpaceSize: 1.00 GB
Initial GC threshold: 21.00 MB
Current GC threshold: 83.88 MB
CDS: off
MetaspaceReclaimPolicy: balanced
 - commit_granule_bytes: 65536.
 - commit_granule_words: 8192.
 - virtual_space_node_default_size: 1048576.
 - enlarge_chunks_in_place: 1.
 - new_chunks_are_fully_committed: 0.
 - uncommit_free_chunks: 1.
 - use_allocation_guard: 0.
 - handle_deallocations: 1.


Internal statistics:

num_allocs_failed_limit: 3.
num_arena_births: 420.
num_arena_deaths: 4.
num_vsnodes_births: 7.
num_vsnodes_deaths: 0.
num_space_committed: 807.
num_space_uncommitted: 0.
num_chunks_returned_to_freelist: 10.
num_chunks_taken_from_freelist: 2003.
num_chunk_merges: 3.
num_chunk_splits: 1320.
num_chunks_enlarged: 930.
num_purges: 4.
num_inconsistent_stats: 0.

CodeHeap 'non-profiled nmethods': size=120000Kb used=2961Kb max_used=2961Kb free=117038Kb
 bounds [0x000001c461f80000, 0x000001c462270000, 0x000001c4694b0000]
CodeHeap 'profiled nmethods': size=120000Kb used=10581Kb max_used=10581Kb free=109418Kb
 bounds [0x000001c45a4b0000, 0x000001c45af10000, 0x000001c4619e0000]
CodeHeap 'non-nmethods': size=5760Kb used=2323Kb max_used=2369Kb free=3436Kb
 bounds [0x000001c4619e0000, 0x000001c461c50000, 0x000001c461f80000]
 total_blobs=5974 nmethods=5146 adapters=740
 compilation: enabled
              stopped_count=0, restarted_count=0
 full_count=0

Compilation events (20 events):
Event: 5.673 Thread 0x000001c47185cd90 nmethod 5182 0x000001c46225eb90 code [0x000001c46225edc0, 0x000001c462260390]
Event: 5.673 Thread 0x000001c47185cd90 5191       4       org.objectweb.asm.ByteVector::putByteArray (49 bytes)
Event: 5.674 Thread 0x000001c47185cd90 nmethod 5191 0x000001c462261090 code [0x000001c462261200, 0x000001c462261378]
Event: 5.674 Thread 0x000001c47185cd90 5209 %     4       org.objectweb.asm.ByteVector::encodeUtf8 @ 159 (337 bytes)
Event: 5.675 Thread 0x000001c471881590 5210       2       org.objectweb.asm.SymbolTable::addConstantUtf8 (98 bytes)
Event: 5.675 Thread 0x000001c471881590 nmethod 5210 0x000001c45af03d90 code [0x000001c45af03f80, 0x000001c45af04338]
Event: 5.683 Thread 0x000001c47185cd90 nmethod 5209% 0x000001c462261490 code [0x000001c462261620, 0x000001c462261fd8]
Event: 5.683 Thread 0x000001c47185cd90 5134       4       org.objectweb.asm.ByteVector::put11 (52 bytes)
Event: 5.687 Thread 0x000001c47185cd90 nmethod 5134 0x000001c462262290 code [0x000001c462262420, 0x000001c462262938]
Event: 5.687 Thread 0x000001c47185cd90 5212 %     4       org.objectweb.asm.ByteVector::encodeUtf8 @ 12 (337 bytes)
Event: 5.711 Thread 0x000001c47185cd90 nmethod 5212% 0x000001c462262b10 code [0x000001c462262cc0, 0x000001c462263d58]
Event: 5.711 Thread 0x000001c47185cd90 5196       4       org.objectweb.asm.SymbolTable::addConstantMethodref (24 bytes)
Event: 5.712 Thread 0x000001c47185cd90 nmethod 5196 0x000001c462264290 code [0x000001c462264420, 0x000001c4622644e8]
Event: 5.712 Thread 0x000001c47185cd90 5199       4       org.objectweb.asm.MethodWriter::visitMethodInsn (191 bytes)
Event: 5.747 Thread 0x000001c471881590 5219       2       org.objectweb.asm.Type::getMethodType (16 bytes)
Event: 5.747 Thread 0x000001c471881590 nmethod 5219 0x000001c45af04610 code [0x000001c45af047a0, 0x000001c45af04978]
Event: 5.747 Thread 0x000001c471881590 5220       2       org.gradle.internal.classpath.InstrumentingBackwardsCompatibilityVisitor::fixHandleForBackwardsCompatibility (38 bytes)
Event: 5.747 Thread 0x000001c471881590 nmethod 5220 0x000001c45af04a90 code [0x000001c45af04c40, 0x000001c45af04f18]
Event: 5.747 Thread 0x000001c471881590 5221       2       org.objectweb.asm.MethodVisitor::visitInvokeDynamicInsn (39 bytes)
Event: 5.747 Thread 0x000001c471881590 nmethod 5221 0x000001c45af05010 code [0x000001c45af051c0, 0x000001c45af053b8]

GC Heap History (20 events):
Event: 4.219 GC heap before
{Heap before GC invocations=8 (full 0):
 garbage-first heap   total 92160K, used 67466K [0x0000000080000000, 0x0000000100000000)
  region size 1024K, 23 young (23552K), 3 survivors (3072K)
 Metaspace       used 33699K, committed 34048K, reserved 1081344K
  class space    used 4714K, committed 4864K, reserved 1048576K
}
Event: 4.221 GC heap after
{Heap after GC invocations=9 (full 0):
 garbage-first heap   total 92160K, used 49106K [0x0000000080000000, 0x0000000100000000)
  region size 1024K, 1 young (1024K), 1 survivors (1024K)
 Metaspace       used 33699K, committed 34048K, reserved 1081344K
  class space    used 4714K, committed 4864K, reserved 1048576K
}
Event: 4.436 GC heap before
{Heap before GC invocations=10 (full 0):
 garbage-first heap   total 92160K, used 69586K [0x0000000080000000, 0x0000000100000000)
  region size 1024K, 22 young (22528K), 1 survivors (1024K)
 Metaspace       used 37650K, committed 37952K, reserved 1081344K
  class space    used 5121K, committed 5248K, reserved 1048576K
}
Event: 4.438 GC heap after
{Heap after GC invocations=11 (full 0):
 garbage-first heap   total 92160K, used 51135K [0x0000000080000000, 0x0000000100000000)
  region size 1024K, 3 young (3072K), 3 survivors (3072K)
 Metaspace       used 37650K, committed 37952K, reserved 1081344K
  class space    used 5121K, committed 5248K, reserved 1048576K
}
Event: 4.550 GC heap before
{Heap before GC invocations=11 (full 0):
 garbage-first heap   total 92160K, used 71615K [0x0000000080000000, 0x0000000100000000)
  region size 1024K, 24 young (24576K), 3 survivors (3072K)
 Metaspace       used 39847K, committed 40192K, reserved 1089536K
  class space    used 5534K, committed 5696K, reserved 1048576K
}
Event: 4.553 GC heap after
{Heap after GC invocations=12 (full 0):
 garbage-first heap   total 92160K, used 52241K [0x0000000080000000, 0x0000000100000000)
  region size 1024K, 2 young (2048K), 2 survivors (2048K)
 Metaspace       used 39847K, committed 40192K, reserved 1089536K
  class space    used 5534K, committed 5696K, reserved 1048576K
}
Event: 4.853 GC heap before
{Heap before GC invocations=13 (full 0):
 garbage-first heap   total 92160K, used 73745K [0x0000000080000000, 0x0000000100000000)
  region size 1024K, 23 young (23552K), 2 survivors (2048K)
 Metaspace       used 43382K, committed 43776K, reserved 1089536K
  class space    used 5911K, committed 6144K, reserved 1048576K
}
Event: 4.855 GC heap after
{Heap after GC invocations=14 (full 0):
 garbage-first heap   total 110592K, used 54100K [0x0000000080000000, 0x0000000100000000)
  region size 1024K, 2 young (2048K), 2 survivors (2048K)
 Metaspace       used 43382K, committed 43776K, reserved 1089536K
  class space    used 5911K, committed 6144K, reserved 1048576K
}
Event: 5.093 GC heap before
{Heap before GC invocations=14 (full 0):
 garbage-first heap   total 110592K, used 72532K [0x0000000080000000, 0x0000000100000000)
  region size 1024K, 21 young (21504K), 2 survivors (2048K)
 Metaspace       used 47420K, committed 47808K, reserved 1097728K
  class space    used 6372K, committed 6528K, reserved 1048576K
}
Event: 5.096 GC heap after
{Heap after GC invocations=15 (full 0):
 garbage-first heap   total 110592K, used 57506K [0x0000000080000000, 0x0000000100000000)
  region size 1024K, 5 young (5120K), 5 survivors (5120K)
 Metaspace       used 47420K, committed 47808K, reserved 1097728K
  class space    used 6372K, committed 6528K, reserved 1048576K
}
Event: 5.383 GC heap before
{Heap before GC invocations=16 (full 0):
 garbage-first heap   total 110592K, used 90274K [0x0000000080000000, 0x0000000100000000)
  region size 1024K, 34 young (34816K), 5 survivors (5120K)
 Metaspace       used 49835K, committed 50304K, reserved 1097728K
  class space    used 6646K, committed 6848K, reserved 1048576K
}
Event: 5.387 GC heap after
{Heap after GC invocations=17 (full 0):
 garbage-first heap   total 110592K, used 58948K [0x0000000080000000, 0x0000000100000000)
  region size 1024K, 2 young (2048K), 2 survivors (2048K)
 Metaspace       used 49835K, committed 50304K, reserved 1097728K
  class space    used 6646K, committed 6848K, reserved 1048576K
}
Event: 5.468 GC heap before
{Heap before GC invocations=17 (full 0):
 garbage-first heap   total 110592K, used 66116K [0x0000000080000000, 0x0000000100000000)
  region size 1024K, 10 young (10240K), 2 survivors (2048K)
 Metaspace       used 50916K, committed 51328K, reserved 1097728K
  class space    used 6808K, committed 7040K, reserved 1048576K
}
Event: 5.469 GC heap after
{Heap after GC invocations=18 (full 0):
 garbage-first heap   total 110592K, used 58920K [0x0000000080000000, 0x0000000100000000)
  region size 1024K, 2 young (2048K), 2 survivors (2048K)
 Metaspace       used 50916K, committed 51328K, reserved 1097728K
  class space    used 6808K, committed 7040K, reserved 1048576K
}
Event: 5.576 GC heap before
{Heap before GC invocations=19 (full 0):
 garbage-first heap   total 122880K, used 94760K [0x0000000080000000, 0x0000000100000000)
  region size 1024K, 32 young (32768K), 2 survivors (2048K)
 Metaspace       used 51153K, committed 51648K, reserved 1097728K
  class space    used 6810K, committed 7040K, reserved 1048576K
}
Event: 5.578 GC heap after
{Heap after GC invocations=20 (full 0):
 garbage-first heap   total 122880K, used 62873K [0x0000000080000000, 0x0000000100000000)
  region size 1024K, 3 young (3072K), 3 survivors (3072K)
 Metaspace       used 51153K, committed 51648K, reserved 1097728K
  class space    used 6810K, committed 7040K, reserved 1048576K
}
Event: 5.680 GC heap before
{Heap before GC invocations=20 (full 0):
 garbage-first heap   total 122880K, used 99737K [0x0000000080000000, 0x0000000100000000)
  region size 1024K, 40 young (40960K), 3 survivors (3072K)
 Metaspace       used 51207K, committed 51648K, reserved 1097728K
  class space    used 6810K, committed 7040K, reserved 1048576K
}
Event: 5.682 GC heap after
{Heap after GC invocations=21 (full 0):
 garbage-first heap   total 122880K, used 62338K [0x0000000080000000, 0x0000000100000000)
  region size 1024K, 1 young (1024K), 1 survivors (1024K)
 Metaspace       used 51207K, committed 51648K, reserved 1097728K
  class space    used 6810K, committed 7040K, reserved 1048576K
}
Event: 5.727 GC heap before
{Heap before GC invocations=22 (full 0):
 garbage-first heap   total 122880K, used 71554K [0x0000000080000000, 0x0000000100000000)
  region size 1024K, 10 young (10240K), 1 survivors (1024K)
 Metaspace       used 51207K, committed 51648K, reserved 1097728K
  class space    used 6810K, committed 7040K, reserved 1048576K
}
Event: 5.730 GC heap after
{Heap after GC invocations=23 (full 0):
 garbage-first heap   total 122880K, used 66216K [0x0000000080000000, 0x0000000100000000)
  region size 1024K, 5 young (5120K), 5 survivors (5120K)
 Metaspace       used 51207K, committed 51648K, reserved 1097728K
  class space    used 6810K, committed 7040K, reserved 1048576K
}

Dll operation events (2 events):
Event: 0.010 Loaded shared library C:\Program Files\Android\Android Studio\jbr\bin\java.dll
Event: 0.282 Loaded shared library C:\Program Files\Android\Android Studio\jbr\bin\verify.dll

Deoptimization events (20 events):
Event: 5.570 Thread 0x000001c474b479a0 DEOPT PACKING pc=0x000001c45ae8aff7 sp=0x000000b5ac8fe390
Event: 5.570 Thread 0x000001c474b479a0 DEOPT UNPACKING pc=0x000001c461a3ace3 sp=0x000000b5ac8fd870 mode 0
Event: 5.613 Thread 0x000001c474b45cc0 Uncommon trap: trap_request=0xfffffff4 fr.pc=0x000001c46224a934 relative=0x0000000000001354
Event: 5.613 Thread 0x000001c474b45cc0 Uncommon trap: reason=null_check action=make_not_entrant pc=0x000001c46224a934 method=org.gradle.api.internal.file.archive.impl.FileZipInput$1.computeNext()Lorg/gradle/api/internal/file/archive/ZipEntry; @ 19 c2
Event: 5.613 Thread 0x000001c474b45cc0 DEOPT PACKING pc=0x000001c46224a934 sp=0x000000b5ac3fec20
Event: 5.613 Thread 0x000001c474b45cc0 DEOPT UNPACKING pc=0x000001c461a3a1a3 sp=0x000000b5ac3feb10 mode 2
Event: 5.615 Thread 0x000001c474b45cc0 Uncommon trap: trap_request=0xffffff45 fr.pc=0x000001c462214b3c relative=0x000000000000029c
Event: 5.615 Thread 0x000001c474b45cc0 Uncommon trap: reason=unstable_if action=reinterpret pc=0x000001c462214b3c method=java.io.BufferedOutputStream.write([BII)V @ 6 c2
Event: 5.615 Thread 0x000001c474b45cc0 DEOPT PACKING pc=0x000001c462214b3c sp=0x000000b5ac3feca0
Event: 5.615 Thread 0x000001c474b45cc0 DEOPT UNPACKING pc=0x000001c461a3a1a3 sp=0x000000b5ac3fec48 mode 2
Event: 5.661 Thread 0x000001c474b479a0 DEOPT PACKING pc=0x000001c45aea5df0 sp=0x000000b5ac8fe130
Event: 5.661 Thread 0x000001c474b479a0 DEOPT UNPACKING pc=0x000001c461a3ace3 sp=0x000000b5ac8fd5f0 mode 0
Event: 5.675 Thread 0x000001c474b479a0 Uncommon trap: trap_request=0xffffff45 fr.pc=0x000001c462251c1c relative=0x000000000000127c
Event: 5.675 Thread 0x000001c474b479a0 Uncommon trap: reason=unstable_if action=reinterpret pc=0x000001c462251c1c method=org.objectweb.asm.SymbolTable.addConstantUtf8(Ljava/lang/String;)I @ 40 c2
Event: 5.675 Thread 0x000001c474b479a0 DEOPT PACKING pc=0x000001c462251c1c sp=0x000000b5ac8fd8b0
Event: 5.675 Thread 0x000001c474b479a0 DEOPT UNPACKING pc=0x000001c461a3a1a3 sp=0x000000b5ac8fd8b0 mode 2
Event: 5.684 Thread 0x000001c474b479a0 DEOPT PACKING pc=0x000001c45aeb0434 sp=0x000000b5ac8fd8f0
Event: 5.684 Thread 0x000001c474b479a0 DEOPT UNPACKING pc=0x000001c461a3ace3 sp=0x000000b5ac8fce08 mode 0
Event: 5.685 Thread 0x000001c474b479a0 DEOPT PACKING pc=0x000001c45aeb0434 sp=0x000000b5ac8fd8f0
Event: 5.685 Thread 0x000001c474b479a0 DEOPT UNPACKING pc=0x000001c461a3ace3 sp=0x000000b5ac8fce08 mode 0

Classes unloaded (5 events):
Event: 5.491 Thread 0x000001c471820280 Unloading class 0x00000001005f8000 '_BuildScript_$_run_closure1'
Event: 5.491 Thread 0x000001c471820280 Unloading class 0x00000001005e8800 '_BuildScript_'
Event: 5.757 Thread 0x000001c471820280 Unloading class 0x0000000100634968 '_BuildScript_$_run_closure1$_closure2'
Event: 5.757 Thread 0x000001c471820280 Unloading class 0x0000000100634558 '_BuildScript_$_run_closure1'
Event: 5.757 Thread 0x000001c471820280 Unloading class 0x0000000100634000 '_BuildScript_'

Classes redefined (0 events):
No events

Internal exceptions (20 events):
Event: 5.288 Thread 0x000001c472776f40 Exception <a 'java/lang/ClassNotFoundException'{0x0000000085a09c58}: org/gradle/internal/metaobject/ConfigureDelegateCustomizer> (0x0000000085a09c58) 
thrown [s\src\hotspot\share\classfile\systemDictionary.cpp, line 256]
Event: 5.291 Thread 0x000001c472776f40 Exception <a 'java/lang/ClassNotFoundException'{0x0000000085a616a8}: org/gradle/api/internal/initialization/DefaultScriptHandlerBeanInfo> (0x0000000085a616a8) 
thrown [s\src\hotspot\share\classfile\systemDictionary.cpp, line 256]
Event: 5.291 Thread 0x000001c472776f40 Exception <a 'java/lang/ClassNotFoundException'{0x0000000085a71b88}: org/gradle/api/internal/initialization/DefaultScriptHandlerCustomizer> (0x0000000085a71b88) 
thrown [s\src\hotspot\share\classfile\systemDictionary.cpp, line 256]
Event: 5.339 Thread 0x000001c472776f40 Implicit null exception at 0x000001c4621a6cec to 0x000001c4621a6d94
Event: 5.342 Thread 0x000001c472776f40 Exception <a 'java/lang/ClassNotFoundException'{0x0000000084fd63e0}: org/gradle/api/internal/artifacts/dsl/dependencies/DefaultDependencyHandler_DecoratedBeanInfo> (0x0000000084fd63e0) 
thrown [s\src\hotspot\share\classfile\systemDictionary.cpp, line 256]
Event: 5.343 Thread 0x000001c472776f40 Exception <a 'java/lang/ClassNotFoundException'{0x0000000084feb958}: org/gradle/api/internal/artifacts/dsl/dependencies/DefaultDependencyHandlerBeanInfo> (0x0000000084feb958) 
thrown [s\src\hotspot\share\classfile\systemDictionary.cpp, line 256]
Event: 5.343 Thread 0x000001c472776f40 Exception <a 'java/lang/ClassNotFoundException'{0x0000000084e00f20}: org/gradle/api/internal/artifacts/dsl/dependencies/DefaultDependencyHandlerCustomizer> (0x0000000084e00f20) 
thrown [s\src\hotspot\share\classfile\systemDictionary.cpp, line 256]
Event: 5.344 Thread 0x000001c472776f40 Exception <a 'java/lang/ClassNotFoundException'{0x0000000084e41158}: org/gradle/api/internal/artifacts/dsl/dependencies/DefaultDependencyHandler_DecoratedCustomizer> (0x0000000084e41158) 
thrown [s\src\hotspot\share\classfile\systemDictionary.cpp, line 256]
Event: 5.345 Thread 0x000001c472776f40 Exception <a 'java/lang/ClassNotFoundException'{0x0000000084e829c8}: sync_studio_tooling1189_cq85o5zs6kjc3onbjqha4ddcz$_run_closure1BeanInfo> (0x0000000084e829c8) 
thrown [s\src\hotspot\share\classfile\systemDictionary.cpp, line 256]
Event: 5.346 Thread 0x000001c472776f40 Exception <a 'java/lang/ClassNotFoundException'{0x0000000084e899e0}: sync_studio_tooling1189_cq85o5zs6kjc3onbjqha4ddcz$_run_closure1Customizer> (0x0000000084e899e0) 
thrown [s\src\hotspot\share\classfile\systemDictionary.cpp, line 256]
Event: 5.363 Thread 0x000001c472776f40 Exception <a 'java/lang/NoSuchMethodError'{0x0000000084c9c2c0}: 'java.lang.Object java.lang.invoke.DirectMethodHandle$Holder.newInvokeSpecial(java.lang.Object, int, java.lang.Object)'> (0x0000000084c9c2c0) 
thrown [s\src\hotspot\share\interpreter\linkResolver.cpp, line 771]
Event: 5.410 Thread 0x000001c472776f40 Exception <a 'java/lang/IncompatibleClassChangeError'{0x0000000086938920}: Found class java.lang.Object, but interface was expected> (0x0000000086938920) 
thrown [s\src\hotspot\share\interpreter\linkResolver.cpp, line 838]
Event: 5.411 Thread 0x000001c472776f40 Exception <a 'java/lang/NoSuchMethodError'{0x00000000869403d0}: 'int java.lang.invoke.DirectMethodHandle$Holder.invokeSpecialIFC(java.lang.Object, java.lang.Object, java.lang.Object, java.lang.Object, java.lang.Object)'> (0x00000000869403d0) 
thrown [s\src\hotspot\share\interpreter\linkResolver.cpp, line 771]
Event: 5.463 Thread 0x000001c472776f40 Exception <a 'java/lang/NoSuchMethodError'{0x0000000086457a88}: 'int java.lang.invoke.DirectMethodHandle$Holder.invokeStatic(java.lang.Object)'> (0x0000000086457a88) 
thrown [s\src\hotspot\share\interpreter\linkResolver.cpp, line 771]
Event: 5.463 Thread 0x000001c472776f40 Exception <a 'java/lang/NoSuchMethodError'{0x000000008645be78}: 'int java.lang.invoke.DirectMethodHandle$Holder.invokeStaticInit(java.lang.Object)'> (0x000000008645be78) 
thrown [s\src\hotspot\share\interpreter\linkResolver.cpp, line 771]
Event: 5.472 Thread 0x000001c474b45cc0 Exception <a 'sun/nio/fs/WindowsException'{0x0000000087b26130}> (0x0000000087b26130) 
thrown [s\src\hotspot\share\prims\jni.cpp, line 517]
Event: 5.486 Thread 0x000001c474b479a0 Exception <a 'sun/nio/fs/WindowsException'{0x00000000866b6530}> (0x00000000866b6530) 
thrown [s\src\hotspot\share\prims\jni.cpp, line 517]
Event: 5.613 Thread 0x000001c474b45cc0 Implicit null exception at 0x000001c46224a30b to 0x000001c46224a924
Event: 5.615 Thread 0x000001c474b45cc0 Exception <a 'sun/nio/fs/WindowsException'{0x00000000867145a0}> (0x00000000867145a0) 
thrown [s\src\hotspot\share\prims\jni.cpp, line 517]
Event: 5.622 Thread 0x000001c474b45cc0 Exception <a 'sun/nio/fs/WindowsException'{0x0000000086714728}> (0x0000000086714728) 
thrown [s\src\hotspot\share\prims\jni.cpp, line 517]

VM Operations (20 events):
Event: 5.334 Executing VM operation: HandshakeAllThreads done
Event: 5.383 Executing VM operation: G1CollectForAllocation
Event: 5.387 Executing VM operation: G1CollectForAllocation done
Event: 5.468 Executing VM operation: G1TryInitiateConcMark
Event: 5.469 Executing VM operation: G1TryInitiateConcMark done
Event: 5.491 Executing VM operation: G1Concurrent
Event: 5.495 Executing VM operation: G1Concurrent done
Event: 5.505 Executing VM operation: G1Concurrent
Event: 5.505 Executing VM operation: G1Concurrent done
Event: 5.576 Executing VM operation: G1CollectForAllocation
Event: 5.578 Executing VM operation: G1CollectForAllocation done
Event: 5.680 Executing VM operation: G1TryInitiateConcMark
Event: 5.682 Executing VM operation: G1TryInitiateConcMark done
Event: 5.705 Executing VM operation: G1Concurrent
Event: 5.707 Executing VM operation: G1Concurrent done
Event: 5.719 Executing VM operation: G1Concurrent
Event: 5.719 Executing VM operation: G1Concurrent done
Event: 5.727 Executing VM operation: G1TryInitiateConcMark
Event: 5.730 Executing VM operation: G1TryInitiateConcMark done
Event: 5.757 Executing VM operation: G1Concurrent

Events (20 events):
Event: 5.187 loading class java/util/stream/SortedOps$SizedIntSortingSink
Event: 5.187 loading class java/util/stream/SortedOps$AbstractIntSortingSink
Event: 5.187 loading class java/util/stream/SortedOps$AbstractIntSortingSink done
Event: 5.187 loading class java/util/stream/SortedOps$SizedIntSortingSink done
Event: 5.187 loading class java/util/stream/ReferencePipeline$4$1
Event: 5.187 loading class java/util/stream/ReferencePipeline$4$1 done
Event: 5.245 loading class java/util/stream/ReduceOps$5
Event: 5.246 loading class java/util/stream/ReduceOps$5 done
Event: 5.246 loading class java/util/stream/ReduceOps$CountingSink$OfRef
Event: 5.246 loading class java/util/stream/ReduceOps$CountingSink$OfRef done
Event: 5.410 loading class java/util/Collections$ReverseComparator
Event: 5.410 loading class java/util/Collections$ReverseComparator done
Event: 5.410 loading class java/util/Comparators$NaturalOrderComparator
Event: 5.410 loading class java/util/Comparators$NaturalOrderComparator done
Event: 5.410 loading class java/util/Collections$ReverseComparator2
Event: 5.410 loading class java/util/Collections$ReverseComparator2 done
Event: 5.439 loading class java/io/DeleteOnExitHook
Event: 5.439 loading class java/io/DeleteOnExitHook done
Event: 5.439 loading class java/io/DeleteOnExitHook$1
Event: 5.439 loading class java/io/DeleteOnExitHook$1 done


Dynamic libraries:
0x00007ff6e3830000 - 0x00007ff6e383a000 	C:\Program Files\Android\Android Studio\jbr\bin\java.exe
0x00007ffb76710000 - 0x00007ffb76907000 	C:\WINDOWS\SYSTEM32\ntdll.dll
0x00007ffb76230000 - 0x00007ffb762ed000 	C:\WINDOWS\System32\KERNEL32.DLL
0x00007ffb742a0000 - 0x00007ffb74596000 	C:\WINDOWS\System32\KERNELBASE.dll
0x00007ffb73ec0000 - 0x00007ffb73fc0000 	C:\WINDOWS\System32\ucrtbase.dll
0x00007ffb6b750000 - 0x00007ffb6b76b000 	C:\Program Files\Android\Android Studio\jbr\bin\VCRUNTIME140.dll
0x00007ffb33230000 - 0x00007ffb33247000 	C:\Program Files\Android\Android Studio\jbr\bin\jli.dll
0x00007ffb76090000 - 0x00007ffb7622e000 	C:\WINDOWS\System32\USER32.dll
0x00007ffb73e90000 - 0x00007ffb73eb2000 	C:\WINDOWS\System32\win32u.dll
0x00007ffb74d40000 - 0x00007ffb74d6c000 	C:\WINDOWS\System32\GDI32.dll
0x00007ffb745a0000 - 0x00007ffb746ba000 	C:\WINDOWS\System32\gdi32full.dll
0x00007ffb74010000 - 0x00007ffb740ad000 	C:\WINDOWS\System32\msvcp_win.dll
0x00007ffb5b210000 - 0x00007ffb5b4aa000 	C:\WINDOWS\WinSxS\amd64_microsoft.windows.common-controls_6595b64144ccf1df_6.0.19041.3570_none_60bb2a3971f3e41a\COMCTL32.dll
0x00007ffb75650000 - 0x00007ffb756ee000 	C:\WINDOWS\System32\msvcrt.dll
0x00007ffb74e40000 - 0x00007ffb74e70000 	C:\WINDOWS\System32\IMM32.DLL
0x00007ffb6b740000 - 0x00007ffb6b74c000 	C:\Program Files\Android\Android Studio\jbr\bin\vcruntime140_1.dll
0x00007ffb452d0000 - 0x00007ffb4535d000 	C:\Program Files\Android\Android Studio\jbr\bin\msvcp140.dll
0x00007ffae5240000 - 0x00007ffae5eae000 	C:\Program Files\Android\Android Studio\jbr\bin\server\jvm.dll
0x00007ffb753c0000 - 0x00007ffb7546e000 	C:\WINDOWS\System32\ADVAPI32.dll
0x00007ffb75470000 - 0x00007ffb7550c000 	C:\WINDOWS\System32\sechost.dll
0x00007ffb75f60000 - 0x00007ffb76086000 	C:\WINDOWS\System32\RPCRT4.dll
0x00007ffb539f0000 - 0x00007ffb539f9000 	C:\WINDOWS\SYSTEM32\WSOCK32.dll
0x00007ffb63fd0000 - 0x00007ffb63ff7000 	C:\WINDOWS\SYSTEM32\WINMM.dll
0x00007ffb5e3d0000 - 0x00007ffb5e3da000 	C:\WINDOWS\SYSTEM32\VERSION.dll
0x00007ffb75350000 - 0x00007ffb753bb000 	C:\WINDOWS\System32\WS2_32.dll
0x00007ffb72650000 - 0x00007ffb72662000 	C:\WINDOWS\SYSTEM32\kernel.appcore.dll
0x00007ffb58e50000 - 0x00007ffb58e5a000 	C:\Program Files\Android\Android Studio\jbr\bin\jimage.dll
0x00007ffb72330000 - 0x00007ffb72514000 	C:\WINDOWS\SYSTEM32\DBGHELP.DLL
0x00007ffb53730000 - 0x00007ffb53764000 	C:\WINDOWS\SYSTEM32\dbgcore.DLL
0x00007ffb74210000 - 0x00007ffb74292000 	C:\WINDOWS\System32\bcryptPrimitives.dll
0x00007ffb48710000 - 0x00007ffb48735000 	C:\Program Files\Android\Android Studio\jbr\bin\java.dll
0x00007ffb3fd60000 - 0x00007ffb3fd78000 	C:\Program Files\Android\Android Studio\jbr\bin\zip.dll
0x00007ffb75810000 - 0x00007ffb75f54000 	C:\WINDOWS\System32\SHELL32.dll
0x00007ffb71ac0000 - 0x00007ffb7225b000 	C:\WINDOWS\SYSTEM32\windows.storage.dll
0x00007ffb76310000 - 0x00007ffb76664000 	C:\WINDOWS\System32\combase.dll
0x00007ffb73830000 - 0x00007ffb7385d000 	C:\WINDOWS\SYSTEM32\Wldp.dll
0x00007ffb74990000 - 0x00007ffb74a3d000 	C:\WINDOWS\System32\SHCORE.dll
0x00007ffb74770000 - 0x00007ffb747c5000 	C:\WINDOWS\System32\shlwapi.dll
0x00007ffb73d20000 - 0x00007ffb73d45000 	C:\WINDOWS\SYSTEM32\profapi.dll
0x00007ffb3fd40000 - 0x00007ffb3fd59000 	C:\Program Files\Android\Android Studio\jbr\bin\net.dll
0x00007ffb6a750000 - 0x00007ffb6a85a000 	C:\WINDOWS\SYSTEM32\WINHTTP.dll
0x00007ffb73590000 - 0x00007ffb735fa000 	C:\WINDOWS\system32\mswsock.dll
0x00007ffb350f0000 - 0x00007ffb35106000 	C:\Program Files\Android\Android Studio\jbr\bin\nio.dll
0x00007ffb48700000 - 0x00007ffb48710000 	C:\Program Files\Android\Android Studio\jbr\bin\verify.dll
0x00007ffb5e110000 - 0x00007ffb5e137000 	C:\Users\USER\.gradle\native\e1d6ef7f7dcc3fd88c89a11ec53ec762bb8ba0a96d01ffa2cd45eb1d1d8dd5c5\windows-amd64\native-platform.dll
0x00007ffb2c650000 - 0x00007ffb2c794000 	C:\Users\USER\.gradle\native\0d407fdbe67a94daf76414ababcb853783967236a71b16ec16e742cd7a986fd3\windows-amd64\native-platform-file-events.dll
0x00007ffb37a40000 - 0x00007ffb37a49000 	C:\Program Files\Android\Android Studio\jbr\bin\management.dll
0x00007ffb350e0000 - 0x00007ffb350eb000 	C:\Program Files\Android\Android Studio\jbr\bin\management_ext.dll
0x00007ffb74cb0000 - 0x00007ffb74cb8000 	C:\WINDOWS\System32\PSAPI.DLL
0x00007ffb73780000 - 0x00007ffb73798000 	C:\WINDOWS\SYSTEM32\CRYPTSP.dll
0x00007ffb72e30000 - 0x00007ffb72e64000 	C:\WINDOWS\system32\rsaenh.dll
0x00007ffb73df0000 - 0x00007ffb73e17000 	C:\WINDOWS\System32\bcrypt.dll
0x00007ffb73ca0000 - 0x00007ffb73cce000 	C:\WINDOWS\SYSTEM32\USERENV.dll
0x00007ffb737a0000 - 0x00007ffb737ac000 	C:\WINDOWS\SYSTEM32\CRYPTBASE.dll
0x00007ffb73230000 - 0x00007ffb7326b000 	C:\WINDOWS\SYSTEM32\IPHLPAPI.DLL
0x00007ffb74980000 - 0x00007ffb74988000 	C:\WINDOWS\System32\NSI.dll
0x00007ffb67820000 - 0x00007ffb67837000 	C:\WINDOWS\SYSTEM32\dhcpcsvc6.DLL
0x00007ffb67800000 - 0x00007ffb6781d000 	C:\WINDOWS\SYSTEM32\dhcpcsvc.DLL
0x00007ffb73280000 - 0x00007ffb7334a000 	C:\WINDOWS\SYSTEM32\DNSAPI.dll
0x00007ffb32e50000 - 0x00007ffb32e57000 	C:\WINDOWS\system32\wshunix.dll

dbghelp: loaded successfully - version: 4.0.5 - missing functions: none
symbol engine: initialized successfully - sym options: 0x614 - pdb path: .;C:\Program Files\Android\Android Studio\jbr\bin;C:\WINDOWS\SYSTEM32;C:\WINDOWS\WinSxS\amd64_microsoft.windows.common-controls_6595b64144ccf1df_6.0.19041.3570_none_60bb2a3971f3e41a;C:\Program Files\Android\Android Studio\jbr\bin\server;C:\Users\USER\.gradle\native\e1d6ef7f7dcc3fd88c89a11ec53ec762bb8ba0a96d01ffa2cd45eb1d1d8dd5c5\windows-amd64;C:\Users\USER\.gradle\native\0d407fdbe67a94daf76414ababcb853783967236a71b16ec16e742cd7a986fd3\windows-amd64

VM Arguments:
jvm_args: --add-opens=java.base/java.util=ALL-UNNAMED --add-opens=java.base/java.lang=ALL-UNNAMED --add-opens=java.base/java.lang.invoke=ALL-UNNAMED --add-opens=java.base/java.util=ALL-UNNAMED --add-opens=java.prefs/java.util.prefs=ALL-UNNAMED --add-opens=java.prefs/java.util.prefs=ALL-UNNAMED --add-opens=java.base/java.nio.charset=ALL-UNNAMED --add-opens=java.base/java.net=ALL-UNNAMED --add-opens=java.base/java.util.concurrent.atomic=ALL-UNNAMED -Xmx2048m -Dfile.encoding=UTF-8 -Duser.country=KR -Duser.language=ko -Duser.variant 
java_command: org.gradle.launcher.daemon.bootstrap.GradleDaemon 7.5.1
java_class_path (initial): C:\Users\USER\.gradle\wrapper\dists\gradle-7.5.1-bin\7jzzequgds1hbszbhq3npc5ng\gradle-7.5.1\lib\gradle-launcher-7.5.1.jar
Launcher Type: SUN_STANDARD

[Global flags]
     intx CICompilerCount                          = 4                                         {product} {ergonomic}
     uint ConcGCThreads                            = 2                                         {product} {ergonomic}
     uint G1ConcRefinementThreads                  = 8                                         {product} {ergonomic}
   size_t G1HeapRegionSize                         = 1048576                                   {product} {ergonomic}
    uintx GCDrainStackTargetSize                   = 64                                        {product} {ergonomic}
   size_t InitialHeapSize                          = 130023424                                 {product} {ergonomic}
   size_t MarkStackSize                            = 4194304                                   {product} {ergonomic}
   size_t MaxHeapSize                              = 2147483648                                {product} {command line}
   size_t MaxNewSize                               = 1287651328                                {product} {ergonomic}
   size_t MinHeapDeltaBytes                        = 1048576                                   {product} {ergonomic}
   size_t MinHeapSize                              = 8388608                                   {product} {ergonomic}
    uintx NonNMethodCodeHeapSize                   = 5839372                                {pd product} {ergonomic}
    uintx NonProfiledCodeHeapSize                  = 122909434                              {pd product} {ergonomic}
    uintx ProfiledCodeHeapSize                     = 122909434                              {pd product} {ergonomic}
    uintx ReservedCodeCacheSize                    = 251658240                              {pd product} {ergonomic}
     bool SegmentedCodeCache                       = true                                      {product} {ergonomic}
   size_t SoftMaxHeapSize                          = 2147483648                             {manageable} {ergonomic}
     bool UseCompressedClassPointers               = true                           {product lp64_product} {ergonomic}
     bool UseCompressedOops                        = true                           {product lp64_product} {ergonomic}
     bool UseG1GC                                  = true                                      {product} {ergonomic}
     bool UseLargePagesIndividualAllocation        = false                                  {pd product} {ergonomic}

Logging:
Log output configuration:
 #0: stdout all=warning uptime,level,tags
 #1: stderr all=off uptime,level,tags

Environment Variables:
JAVA_HOME=C:\Program Files\Java\jdk1.8.0_333
PATH=C:\Users\USER\Desktop\oracle\bin;C:\Program Files (x86)\Microsoft SDKs\Azure\CLI2\wbin;C:\oraclexe\app\oracle\product\11.2.0\server\bin;;C:\Program Files\Common Files\Oracle\Java\javapath;C:\oraclexe\app\oracle\product\11.2.0\server\bin;C:\Program Files (x86)\Common Files\Oracle\Java\javapath;C:\WINDOWS\system32;C:\WINDOWS;C:\WINDOWS\System32\Wbem;C:\WINDOWS\System32\WindowsPowerShell\v1.0\;C:\WINDOWS\System32\OpenSSH\;C:\Program Files\Java\jdk1.8.0_333\bin;C:\Program Files\Git\cmd;C:\Program Files\dotnet\;C:\Program Files\nodejs\;C:\Program Files\Go\bin;C:\Program Files\Docker\Docker\resources\bin;C:\Program Files\Kubernetes\Minikube;C:\ProgramData\chocolatey\bin;C:\Program Files\Amazon\AWSCLI\bin\;C:\Program Files\MySQL\MySQL Shell 8.0\bin\;C:\Users\USER\AppData\Local\Programs\Python\Python310\Scripts\;C:\Users\USER\AppData\Local\Programs\Python\Python310\;C:\Users\USER\AppData\Local\Microsoft\WindowsApps;C:\Users\USER\AppData\Local\GitHubDesktop\bin;C:\Users\USER\AppData\Roaming\npm;C:\Users\USER\.dotnet\tools;C:\Users\USER\go\bin;C:\Program Files\JetBrains\PyCharm Community Edition 2023.1.1\bin;C:\Program Files\heroku\bin;C:\Users\USER\AppData\Local\JetBrains\Toolbox\scripts;C:\Users\USER\AppData\Local\Programs\Microsoft VS Code\bin;C:\Program Files\GPAC
USERNAME=USER
OS=Windows_NT
PROCESSOR_IDENTIFIER=Intel64 Family 6 Model 140 Stepping 1, GenuineIntel
TMP=C:\Users\USER\AppData\Local\Temp
TEMP=C:\Users\USER\AppData\Local\Temp


JNI global refs:
JNI global refs: 27, weak refs: 39

JNI global refs memory usage: 843, weak refs: 841


---------------  S Y S T E M  ---------------

OS:
 Windows 10 , 64 bit Build 19041 (10.0.19041.3570)
OS uptime: 4 days 1:20 hours

CPU: total 8 (initial active 8) (4 cores per cpu, 2 threads per core) family 6 model 140 stepping 1 microcode 0x9a, cx8, cmov, fxsr, ht, mmx, 3dnowpref, sse, sse2, sse3, ssse3, sse4.1, sse4.2, popcnt, lzcnt, tsc, tscinvbit, avx, avx2, aes, erms, clmul, bmi1, bmi2, adx, avx512f, avx512dq, avx512cd, avx512bw, avx512vl, sha, fma, vzeroupper, avx512_vpopcntdq, avx512_vpclmulqdq, avx512_vaes, avx512_vnni, clflush, clflushopt, clwb, avx512_vbmi2, avx512_vbmi

Memory: 4k page, system-wide physical 7865M (329M free)
TotalPageFile size 23865M (AvailPageFile size 35M)
current process WorkingSet (physical memory assigned to process): 292M, peak: 292M
current process commit charge ("private bytes"): 325M, peak: 328M

vm_info: OpenJDK 64-Bit Server VM (17.0.6+0-b2043.56-10027231) for windows-amd64 JRE (17.0.6+0-b2043.56-10027231), built on Apr 28 2023 00:43:19 by "androidbuild" with MS VC++ 16.10 / 16.11 (VS2019)

END.
