#
# There is insufficient memory for the Java Runtime Environment to continue.
# Native memory allocation (mmap) failed to map 52428800 bytes for G1 virtual space
# Possible reasons:
#   The system is out of physical RAM or swap space
#   The process is running with CompressedOops enabled, and the Java Heap may be blocking the growth of the native heap
# Possible solutions:
#   Reduce memory load on the system
#   Increase physical memory or swap space
#   Check if swap backing store is full
#   Decrease Java heap size (-Xmx/-Xms)
#   Decrease number of Java threads
#   Decrease Java thread stack sizes (-Xss)
#   Set larger code cache with -XX:ReservedCodeCacheSize=
#   JVM is running with Unscaled Compressed Oops mode in which the Java heap is
#     placed in the first 4GB address space. The Java Heap base address is the
#     maximum limit for the native heap growth. Please use -XX:HeapBaseMinAddress
#     to set the Java Heap base and to place the Java Heap above 4GB virtual address.
# This output file may be truncated or incomplete.
#
#  Out of Memory Error (os_windows.cpp:3769), pid=7912, tid=984
#
# JRE version: OpenJDK Runtime Environment (17.0.6) (build 17.0.6+0-b2043.56-10027231)
# Java VM: OpenJDK 64-Bit Server VM (17.0.6+0-b2043.56-10027231, mixed mode, tiered, compressed oops, compressed class ptrs, g1 gc, windows-amd64)
# No core dump will be written. Minidumps are not enabled by default on client versions of Windows
#

---------------  S U M M A R Y ------------

Command Line: --add-opens=java.base/java.util=ALL-UNNAMED --add-opens=java.base/java.lang=ALL-UNNAMED --add-opens=java.base/java.lang.invoke=ALL-UNNAMED --add-opens=java.base/java.util=ALL-UNNAMED --add-opens=java.prefs/java.util.prefs=ALL-UNNAMED --add-opens=java.prefs/java.util.prefs=ALL-UNNAMED --add-opens=java.base/java.nio.charset=ALL-UNNAMED --add-opens=java.base/java.net=ALL-UNNAMED --add-opens=java.base/java.util.concurrent.atomic=ALL-UNNAMED -Xmx2048m -Dfile.encoding=UTF-8 -Duser.country=KR -Duser.language=ko -Duser.variant org.gradle.launcher.daemon.bootstrap.GradleDaemon 7.2

Host: 11th Gen Intel(R) Core(TM) i7-1165G7 @ 2.80GHz, 8 cores, 7G,  Windows 10 , 64 bit Build 19041 (10.0.19041.3570)
Time: Sun Nov 12 15:25:11 2023  Windows 10 , 64 bit Build 19041 (10.0.19041.3570) elapsed time: 14.516623 seconds (0d 0h 0m 14s)

---------------  T H R E A D  ---------------

Current thread (0x0000022f6986dd50):  VMThread "VM Thread" [stack: 0x00000072cf200000,0x00000072cf300000] [id=984]

Stack: [0x00000072cf200000,0x00000072cf300000]
Native frames: (J=compiled Java code, j=interpreted, Vv=VM code, C=native code)
V  [jvm.dll+0x683c9a]
V  [jvm.dll+0x8427a4]
V  [jvm.dll+0x843f9e]
V  [jvm.dll+0x844603]
V  [jvm.dll+0x249b75]
V  [jvm.dll+0x680b69]
V  [jvm.dll+0x67505a]
V  [jvm.dll+0x309acb]
V  [jvm.dll+0x310f86]
V  [jvm.dll+0x3608ee]
V  [jvm.dll+0x360b1f]
V  [jvm.dll+0x2dfbf8]
V  [jvm.dll+0x2ddec4]
V  [jvm.dll+0x2dd4cc]
V  [jvm.dll+0x321f3b]
V  [jvm.dll+0x848ccb]
V  [jvm.dll+0x849a04]
V  [jvm.dll+0x849f1d]
V  [jvm.dll+0x84a2f4]
V  [jvm.dll+0x84a3c0]
V  [jvm.dll+0x7f274a]
V  [jvm.dll+0x682ad5]
C  [ucrtbase.dll+0x21bb2]
C  [KERNEL32.DLL+0x17344]
C  [ntdll.dll+0x526b1]

VM_Operation (0x00000072d09f7a70): G1CollectForAllocation, mode: safepoint, requested by thread 0x0000022f6bf3e970


---------------  P R O C E S S  ---------------

Threads class SMR info:
_java_thread_list=0x0000022f70a9aa50, length=42, elements={
0x0000022f4fa1be30, 0x0000022f698a6620, 0x0000022f69872e90, 0x0000022f6a41f510,
0x0000022f6a41fdd0, 0x0000022f6a420690, 0x0000022f6a420f50, 0x0000022f6a44f910,
0x0000022f6a450210, 0x0000022f6a4532c0, 0x0000022f6a5b7ac0, 0x0000022f6a5b9fa0,
0x0000022f6bb7cd40, 0x0000022f6b4e2c00, 0x0000022f6b9fc6a0, 0x0000022f6cbfc130,
0x0000022f6bc84840, 0x0000022f6bf3e4a0, 0x0000022f6bf3e970, 0x0000022f6c82f180,
0x0000022f6bcf4a20, 0x0000022f6bcf4550, 0x0000022f6bcf36e0, 0x0000022f6bcf1060,
0x0000022f6bcf1530, 0x0000022f6bcf1a00, 0x0000022f6bcf1ed0, 0x0000022f6bcf23a0,
0x0000022f6bcf3bb0, 0x0000022f6bcf2d40, 0x0000022f6bcf2870, 0x0000022f6bcf3210,
0x0000022f6bcf4080, 0x0000022f6cf6a2c0, 0x0000022f6cf69df0, 0x0000022f6cf6bfa0,
0x0000022f6cf66900, 0x0000022f6cf6c470, 0x0000022f6cf6bad0, 0x0000022f6cf69450,
0x0000022f6cf69920, 0x0000022f70eb1740
}

Java Threads: ( => current thread )
  0x0000022f4fa1be30 JavaThread "main" [_thread_blocked, id=26524, stack(0x00000072cec00000,0x00000072ced00000)]
  0x0000022f698a6620 JavaThread "Reference Handler" daemon [_thread_blocked, id=23308, stack(0x00000072cf300000,0x00000072cf400000)]
  0x0000022f69872e90 JavaThread "Finalizer" daemon [_thread_blocked, id=8176, stack(0x00000072cf400000,0x00000072cf500000)]
  0x0000022f6a41f510 JavaThread "Signal Dispatcher" daemon [_thread_blocked, id=9212, stack(0x00000072cf500000,0x00000072cf600000)]
  0x0000022f6a41fdd0 JavaThread "Attach Listener" daemon [_thread_blocked, id=12676, stack(0x00000072cf600000,0x00000072cf700000)]
  0x0000022f6a420690 JavaThread "Service Thread" daemon [_thread_blocked, id=7124, stack(0x00000072cf700000,0x00000072cf800000)]
  0x0000022f6a420f50 JavaThread "Monitor Deflation Thread" daemon [_thread_blocked, id=12668, stack(0x00000072cf800000,0x00000072cf900000)]
  0x0000022f6a44f910 JavaThread "C2 CompilerThread0" daemon [_thread_in_native, id=13584, stack(0x00000072cf900000,0x00000072cfa00000)]
  0x0000022f6a450210 JavaThread "C1 CompilerThread0" daemon [_thread_blocked, id=14376, stack(0x00000072cfa00000,0x00000072cfb00000)]
  0x0000022f6a4532c0 JavaThread "Sweeper thread" daemon [_thread_blocked, id=22360, stack(0x00000072cfb00000,0x00000072cfc00000)]
  0x0000022f6a5b7ac0 JavaThread "Common-Cleaner" daemon [_thread_blocked, id=20772, stack(0x00000072cfc00000,0x00000072cfd00000)]
  0x0000022f6a5b9fa0 JavaThread "Notification Thread" daemon [_thread_blocked, id=26316, stack(0x00000072cfd00000,0x00000072cfe00000)]
  0x0000022f6bb7cd40 JavaThread "Daemon health stats" [_thread_blocked, id=8232, stack(0x00000072d0300000,0x00000072d0400000)]
  0x0000022f6b4e2c00 JavaThread "Incoming local TCP Connector on port 54362" [_thread_in_native, id=24632, stack(0x00000072d0400000,0x00000072d0500000)]
  0x0000022f6b9fc6a0 JavaThread "Daemon periodic checks" [_thread_blocked, id=26464, stack(0x00000072d0500000,0x00000072d0600000)]
  0x0000022f6cbfc130 JavaThread "Daemon" [_thread_blocked, id=26172, stack(0x00000072d0600000,0x00000072d0700000)]
  0x0000022f6bc84840 JavaThread "Handler for socket connection from /127.0.0.1:54362 to /127.0.0.1:54363" [_thread_in_native, id=25804, stack(0x00000072d0700000,0x00000072d0800000)]
  0x0000022f6bf3e4a0 JavaThread "Cancel handler" [_thread_blocked, id=11804, stack(0x00000072d0800000,0x00000072d0900000)]
  0x0000022f6bf3e970 JavaThread "Daemon worker" [_thread_blocked, id=9496, stack(0x00000072d0900000,0x00000072d0a00000)]
  0x0000022f6c82f180 JavaThread "Asynchronous log dispatcher for DefaultDaemonConnection: socket connection from /127.0.0.1:54362 to /127.0.0.1:54363" [_thread_blocked, id=19272, stack(0x00000072d0a00000,0x00000072d0b00000)]
  0x0000022f6bcf4a20 JavaThread "Stdin handler" [_thread_blocked, id=25220, stack(0x00000072d0b00000,0x00000072d0c00000)]
  0x0000022f6bcf4550 JavaThread "Daemon client event forwarder" [_thread_blocked, id=26256, stack(0x00000072d0c00000,0x00000072d0d00000)]
  0x0000022f6bcf36e0 JavaThread "Cache worker for journal cache (C:\Users\USER\.gradle\caches\journal-1)" [_thread_blocked, id=12516, stack(0x00000072d1100000,0x00000072d1200000)]
  0x0000022f6bcf1060 JavaThread "File lock request listener" [_thread_in_native, id=11592, stack(0x00000072d1200000,0x00000072d1300000)]
  0x0000022f6bcf1530 JavaThread "Cache worker for file hash cache (C:\Users\USER\.gradle\caches\7.2\fileHashes)" [_thread_blocked, id=19540, stack(0x00000072d1300000,0x00000072d1400000)]
  0x0000022f6bcf1a00 JavaThread "Cache worker for file hash cache (C:\Users\USER\AndroidStudioProjects\Real_jook\.gradle\7.2\fileHashes)" [_thread_blocked, id=24512, stack(0x00000072d1400000,0x00000072d1500000)]
  0x0000022f6bcf1ed0 JavaThread "File watcher server" daemon [_thread_in_native, id=7604, stack(0x00000072d1500000,0x00000072d1600000)]
  0x0000022f6bcf23a0 JavaThread "File watcher consumer" daemon [_thread_blocked, id=17460, stack(0x00000072d1600000,0x00000072d1700000)]
  0x0000022f6bcf3bb0 JavaThread "jar transforms" [_thread_blocked, id=24116, stack(0x00000072d1700000,0x00000072d1800000)]
  0x0000022f6bcf2d40 JavaThread "jar transforms Thread 2" [_thread_blocked, id=9956, stack(0x00000072d1800000,0x00000072d1900000)]
  0x0000022f6bcf2870 JavaThread "jar transforms Thread 3" [_thread_blocked, id=21104, stack(0x00000072d1900000,0x00000072d1a00000)]
  0x0000022f6bcf3210 JavaThread "jar transforms Thread 4" [_thread_blocked, id=24624, stack(0x00000072d1a00000,0x00000072d1b00000)]
  0x0000022f6bcf4080 JavaThread "jar transforms Thread 5" [_thread_blocked, id=2588, stack(0x00000072d1b00000,0x00000072d1c00000)]
  0x0000022f6cf6a2c0 JavaThread "jar transforms Thread 6" [_thread_blocked, id=17000, stack(0x00000072d1c00000,0x00000072d1d00000)]
  0x0000022f6cf69df0 JavaThread "jar transforms Thread 7" [_thread_blocked, id=26452, stack(0x00000072d1d00000,0x00000072d1e00000)]
  0x0000022f6cf6bfa0 JavaThread "jar transforms Thread 8" [_thread_blocked, id=3868, stack(0x00000072d1e00000,0x00000072d1f00000)]
  0x0000022f6cf66900 JavaThread "Cache worker for checksums cache (C:\Users\USER\AndroidStudioProjects\Real_jook\.gradle\checksums)" [_thread_blocked, id=21380, stack(0x00000072d1f00000,0x00000072d2000000)]
  0x0000022f6cf6c470 JavaThread "Cache worker for cache directory md-supplier (C:\Users\USER\.gradle\caches\7.2\md-supplier)" [_thread_blocked, id=22052, stack(0x00000072d2000000,0x00000072d2100000)]
  0x0000022f6cf6bad0 JavaThread "Cache worker for cache directory md-rule (C:\Users\USER\.gradle\caches\7.2\md-rule)" [_thread_blocked, id=8864, stack(0x00000072d2100000,0x00000072d2200000)]
  0x0000022f6cf69450 JavaThread "Cache worker for execution history cache (C:\Users\USER\.gradle\caches\7.2\executionHistory)" [_thread_blocked, id=21860, stack(0x00000072d2200000,0x00000072d2300000)]
  0x0000022f6cf69920 JavaThread "Cache worker for file content cache (C:\Users\USER\.gradle\caches\7.2\fileContent)" [_thread_blocked, id=3692, stack(0x00000072d2300000,0x00000072d2400000)]
  0x0000022f70eb1740 JavaThread "Cache worker for kotlin-dsl (C:\Users\USER\.gradle\caches\7.2\kotlin-dsl)" [_thread_blocked, id=11868, stack(0x00000072d2400000,0x00000072d2500000)]

Other Threads:
=>0x0000022f6986dd50 VMThread "VM Thread" [stack: 0x00000072cf200000,0x00000072cf300000] [id=984]
  0x0000022f6a5ba470 WatcherThread [stack: 0x00000072cfe00000,0x00000072cff00000] [id=24248]
  0x0000022f4fa79e60 GCTaskThread "GC Thread#0" [stack: 0x00000072ced00000,0x00000072cee00000] [id=3792]
  0x0000022f6a94a740 GCTaskThread "GC Thread#1" [stack: 0x00000072cff00000,0x00000072d0000000] [id=19724]
  0x0000022f6b03ad60 GCTaskThread "GC Thread#2" [stack: 0x00000072d0000000,0x00000072d0100000] [id=2612]
  0x0000022f6aef3e90 GCTaskThread "GC Thread#3" [stack: 0x00000072d0100000,0x00000072d0200000] [id=23948]
  0x0000022f6b8cfa50 GCTaskThread "GC Thread#4" [stack: 0x00000072d0200000,0x00000072d0300000] [id=8264]
  0x0000022f6ca0fcc0 GCTaskThread "GC Thread#5" [stack: 0x00000072d0d00000,0x00000072d0e00000] [id=10712]
  0x0000022f6c8510c0 GCTaskThread "GC Thread#6" [stack: 0x00000072d0e00000,0x00000072d0f00000] [id=12280]
  0x0000022f6bdb38a0 GCTaskThread "GC Thread#7" [stack: 0x00000072d0f00000,0x00000072d1000000] [id=22000]
  0x0000022f4fa8b450 ConcurrentGCThread "G1 Main Marker" [stack: 0x00000072cee00000,0x00000072cef00000] [id=15272]
  0x0000022f4fa8cd80 ConcurrentGCThread "G1 Conc#0" [stack: 0x00000072cef00000,0x00000072cf000000] [id=12508]
  0x0000022f6bdb3b50 ConcurrentGCThread "G1 Conc#1" [stack: 0x00000072d1000000,0x00000072d1100000] [id=20148]
  0x0000022f4faee0a0 ConcurrentGCThread "G1 Refine#0" [stack: 0x00000072cf000000,0x00000072cf100000] [id=8484]
  0x0000022f4faee9d0 ConcurrentGCThread "G1 Service" [stack: 0x00000072cf100000,0x00000072cf200000] [id=6236]

Threads with active compile tasks:
C2 CompilerThread0    14550 6678       4       org.objectweb.asm.signature.SignatureReader::parseType (411 bytes)

VM state: at safepoint (normal execution)

VM Mutex/Monitor currently owned by a thread:  ([mutex/lock_event])
[0x0000022f4fa17690] Threads_lock - owner thread: 0x0000022f6986dd50
[0x0000022f4fa18260] Heap_lock - owner thread: 0x0000022f6bf3e970

Heap address: 0x0000000080000000, size: 2048 MB, Compressed Oops mode: 32-bit

CDS archive(s) not mapped
Compressed class space mapped at: 0x0000000100000000-0x0000000140000000, reserved size: 1073741824
Narrow klass base: 0x0000000000000000, Narrow klass shift: 3, Narrow klass range: 0x140000000

GC Precious Log:
 CPUs: 8 total, 8 available
 Memory: 7865M
 Large Page Support: Disabled
 NUMA Support: Disabled
 Compressed Oops: Enabled (32-bit)
 Heap Region Size: 1M
 Heap Min Capacity: 8M
 Heap Initial Capacity: 124M
 Heap Max Capacity: 2G
 Pre-touch: Disabled
 Parallel Workers: 8
 Concurrent Workers: 2
 Concurrent Refinement Workers: 8
 Periodic GC: Disabled

Heap:
 garbage-first heap   total 256000K, used 82683K [0x0000000080000000, 0x0000000100000000)
  region size 1024K, 9 young (9216K), 9 survivors (9216K)
 Metaspace       used 53791K, committed 54336K, reserved 1097728K
  class space    used 6964K, committed 7232K, reserved 1048576K

Heap Regions: E=young(eden), S=young(survivor), O=old, HS=humongous(starts), HC=humongous(continues), CS=collection set, F=free, OA=open archive, CA=closed archive, TAMS=top-at-mark-start (previous, next)
|   0|0x0000000080000000, 0x0000000080100000, 0x0000000080100000|100%| O|  |TAMS 0x0000000080100000, 0x0000000080000000| Untracked 
|   1|0x0000000080100000, 0x0000000080200000, 0x0000000080200000|100%| O|  |TAMS 0x0000000080200000, 0x0000000080100000| Untracked 
|   2|0x0000000080200000, 0x0000000080300000, 0x0000000080300000|100%| O|  |TAMS 0x0000000080300000, 0x0000000080200000| Untracked 
|   3|0x0000000080300000, 0x0000000080400000, 0x0000000080400000|100%|HS|  |TAMS 0x0000000080400000, 0x0000000080300000| Complete 
|   4|0x0000000080400000, 0x0000000080500000, 0x0000000080500000|100%|HC|  |TAMS 0x0000000080500000, 0x0000000080400000| Complete 
|   5|0x0000000080500000, 0x0000000080600000, 0x0000000080600000|100%|HC|  |TAMS 0x0000000080600000, 0x0000000080500000| Complete 
|   6|0x0000000080600000, 0x0000000080700000, 0x0000000080700000|100%| O|  |TAMS 0x0000000080700000, 0x0000000080600000| Untracked 
|   7|0x0000000080700000, 0x0000000080800000, 0x0000000080800000|100%| O|  |TAMS 0x0000000080800000, 0x0000000080700000| Untracked 
|   8|0x0000000080800000, 0x0000000080900000, 0x0000000080900000|100%| O|  |TAMS 0x0000000080900000, 0x0000000080800000| Untracked 
|   9|0x0000000080900000, 0x0000000080a00000, 0x0000000080a00000|100%| O|  |TAMS 0x0000000080a00000, 0x0000000080900000| Untracked 
|  10|0x0000000080a00000, 0x0000000080a43400, 0x0000000080b00000| 26%| O|  |TAMS 0x0000000080a43400, 0x0000000080a00000| Untracked 
|  11|0x0000000080b00000, 0x0000000080c00000, 0x0000000080c00000|100%| O|  |TAMS 0x0000000080c00000, 0x0000000080b00000| Untracked 
|  12|0x0000000080c00000, 0x0000000080d00000, 0x0000000080d00000|100%| O|  |TAMS 0x0000000080d00000, 0x0000000080c00000| Untracked 
|  13|0x0000000080d00000, 0x0000000080e00000, 0x0000000080e00000|100%| O|  |TAMS 0x0000000080e00000, 0x0000000080d00000| Untracked 
|  14|0x0000000080e00000, 0x0000000080f00000, 0x0000000080f00000|100%| O|  |TAMS 0x0000000080f00000, 0x0000000080e00000| Untracked 
|  15|0x0000000080f00000, 0x0000000081000000, 0x0000000081000000|100%| O|  |TAMS 0x0000000081000000, 0x0000000080f00000| Untracked 
|  16|0x0000000081000000, 0x0000000081100000, 0x0000000081100000|100%| O|  |TAMS 0x0000000081100000, 0x0000000081000000| Untracked 
|  17|0x0000000081100000, 0x0000000081200000, 0x0000000081200000|100%| O|  |TAMS 0x0000000081200000, 0x0000000081100000| Untracked 
|  18|0x0000000081200000, 0x0000000081300000, 0x0000000081300000|100%| O|  |TAMS 0x0000000081300000, 0x0000000081200000| Untracked 
|  19|0x0000000081300000, 0x0000000081400000, 0x0000000081400000|100%|HS|  |TAMS 0x0000000081400000, 0x0000000081300000| Complete 
|  20|0x0000000081400000, 0x0000000081500000, 0x0000000081500000|100%|HC|  |TAMS 0x0000000081500000, 0x0000000081400000| Complete 
|  21|0x0000000081500000, 0x0000000081600000, 0x0000000081600000|100%|HS|  |TAMS 0x0000000081600000, 0x0000000081500000| Complete 
|  22|0x0000000081600000, 0x0000000081700000, 0x0000000081700000|100%|HC|  |TAMS 0x0000000081700000, 0x0000000081600000| Complete 
|  23|0x0000000081700000, 0x0000000081800000, 0x0000000081800000|100%|HC|  |TAMS 0x0000000081800000, 0x0000000081700000| Complete 
|  24|0x0000000081800000, 0x0000000081900000, 0x0000000081900000|100%| O|  |TAMS 0x0000000081900000, 0x0000000081800000| Untracked 
|  25|0x0000000081900000, 0x0000000081a00000, 0x0000000081a00000|100%| O|  |TAMS 0x0000000081a00000, 0x0000000081900000| Untracked 
|  26|0x0000000081a00000, 0x0000000081b00000, 0x0000000081b00000|100%| O|  |TAMS 0x0000000081b00000, 0x0000000081a00000| Untracked 
|  27|0x0000000081b00000, 0x0000000081c00000, 0x0000000081c00000|100%|HS|  |TAMS 0x0000000081c00000, 0x0000000081b00000| Complete 
|  28|0x0000000081c00000, 0x0000000081d00000, 0x0000000081d00000|100%|HC|  |TAMS 0x0000000081d00000, 0x0000000081c00000| Complete 
|  29|0x0000000081d00000, 0x0000000081e00000, 0x0000000081e00000|100%|HC|  |TAMS 0x0000000081e00000, 0x0000000081d00000| Complete 
|  30|0x0000000081e00000, 0x0000000081f00000, 0x0000000081f00000|100%| O|  |TAMS 0x0000000081f00000, 0x0000000081e00000| Untracked 
|  31|0x0000000081f00000, 0x0000000082000000, 0x0000000082000000|100%|HS|  |TAMS 0x0000000082000000, 0x0000000081f00000| Complete 
|  32|0x0000000082000000, 0x0000000082100000, 0x0000000082100000|100%|HC|  |TAMS 0x0000000082100000, 0x0000000082000000| Complete 
|  33|0x0000000082100000, 0x0000000082200000, 0x0000000082200000|100%|HC|  |TAMS 0x0000000082200000, 0x0000000082100000| Complete 
|  34|0x0000000082200000, 0x0000000082300000, 0x0000000082300000|100%|HC|  |TAMS 0x0000000082300000, 0x0000000082200000| Complete 
|  35|0x0000000082300000, 0x0000000082400000, 0x0000000082400000|100%|HC|  |TAMS 0x0000000082400000, 0x0000000082300000| Complete 
|  36|0x0000000082400000, 0x0000000082500000, 0x0000000082500000|100%|HC|  |TAMS 0x0000000082500000, 0x0000000082400000| Complete 
|  37|0x0000000082500000, 0x0000000082600000, 0x0000000082600000|100%|HC|  |TAMS 0x0000000082600000, 0x0000000082500000| Complete 
|  38|0x0000000082600000, 0x0000000082700000, 0x0000000082700000|100%|HC|  |TAMS 0x0000000082700000, 0x0000000082600000| Complete 
|  39|0x0000000082700000, 0x0000000082800000, 0x0000000082800000|100%|HC|  |TAMS 0x0000000082800000, 0x0000000082700000| Complete 
|  40|0x0000000082800000, 0x0000000082900000, 0x0000000082900000|100%|HC|  |TAMS 0x0000000082900000, 0x0000000082800000| Complete 
|  41|0x0000000082900000, 0x0000000082a00000, 0x0000000082a00000|100%|HC|  |TAMS 0x0000000082a00000, 0x0000000082900000| Complete 
|  42|0x0000000082a00000, 0x0000000082b00000, 0x0000000082b00000|100%|HC|  |TAMS 0x0000000082b00000, 0x0000000082a00000| Complete 
|  43|0x0000000082b00000, 0x0000000082c00000, 0x0000000082c00000|100%| O|  |TAMS 0x0000000082c00000, 0x0000000082b00000| Untracked 
|  44|0x0000000082c00000, 0x0000000082d00000, 0x0000000082d00000|100%|HS|  |TAMS 0x0000000082d00000, 0x0000000082c00000| Complete 
|  45|0x0000000082d00000, 0x0000000082e00000, 0x0000000082e00000|100%|HC|  |TAMS 0x0000000082e00000, 0x0000000082d00000| Complete 
|  46|0x0000000082e00000, 0x0000000082f00000, 0x0000000082f00000|100%| O|  |TAMS 0x0000000082f00000, 0x0000000082e00000| Untracked 
|  47|0x0000000082f00000, 0x0000000083000000, 0x0000000083000000|100%| O|  |TAMS 0x0000000083000000, 0x0000000082f00000| Untracked 
|  48|0x0000000083000000, 0x0000000083100000, 0x0000000083100000|100%| O|  |TAMS 0x0000000083100000, 0x0000000083000000| Untracked 
|  49|0x0000000083100000, 0x0000000083200000, 0x0000000083200000|100%| O|  |TAMS 0x0000000083200000, 0x0000000083100000| Untracked 
|  50|0x0000000083200000, 0x0000000083300000, 0x0000000083300000|100%| O|  |TAMS 0x0000000083300000, 0x0000000083200000| Untracked 
|  51|0x0000000083300000, 0x0000000083400000, 0x0000000083400000|100%| O|  |TAMS 0x0000000083400000, 0x0000000083300000| Untracked 
|  52|0x0000000083400000, 0x0000000083500000, 0x0000000083500000|100%| O|  |TAMS 0x0000000083500000, 0x0000000083400000| Untracked 
|  53|0x0000000083500000, 0x0000000083600000, 0x0000000083600000|100%| O|  |TAMS 0x0000000083600000, 0x0000000083500000| Untracked 
|  54|0x0000000083600000, 0x0000000083700000, 0x0000000083700000|100%| O|  |TAMS 0x0000000083600000, 0x0000000083600000| Untracked 
|  55|0x0000000083700000, 0x0000000083800000, 0x0000000083800000|100%| O|  |TAMS 0x0000000083700000, 0x0000000083700000| Untracked 
|  56|0x0000000083800000, 0x0000000083900000, 0x0000000083900000|100%| O|  |TAMS 0x0000000083800000, 0x0000000083800000| Untracked 
|  57|0x0000000083900000, 0x0000000083a00000, 0x0000000083a00000|100%| O|  |TAMS 0x0000000083a00000, 0x0000000083900000| Untracked 
|  58|0x0000000083a00000, 0x0000000083b00000, 0x0000000083b00000|100%| O|  |TAMS 0x0000000083aa1800, 0x0000000083a00000| Untracked 
|  59|0x0000000083b00000, 0x0000000083c00000, 0x0000000083c00000|100%|HS|  |TAMS 0x0000000083b00000, 0x0000000083b00000| Complete 
|  60|0x0000000083c00000, 0x0000000083d00000, 0x0000000083d00000|100%|HC|  |TAMS 0x0000000083c00000, 0x0000000083c00000| Complete 
|  61|0x0000000083d00000, 0x0000000083e00000, 0x0000000083e00000|100%|HC|  |TAMS 0x0000000083d00000, 0x0000000083d00000| Complete 
|  62|0x0000000083e00000, 0x0000000083f00000, 0x0000000083f00000|100%| O|  |TAMS 0x0000000083e00000, 0x0000000083e00000| Untracked 
|  63|0x0000000083f00000, 0x0000000084000000, 0x0000000084000000|100%| O|  |TAMS 0x0000000083f00000, 0x0000000083f00000| Untracked 
|  64|0x0000000084000000, 0x0000000084100000, 0x0000000084100000|100%| O|  |TAMS 0x0000000084000000, 0x0000000084000000| Untracked 
|  65|0x0000000084100000, 0x0000000084200000, 0x0000000084200000|100%|HS|  |TAMS 0x0000000084100000, 0x0000000084100000| Complete 
|  66|0x0000000084200000, 0x0000000084300000, 0x0000000084300000|100%|HC|  |TAMS 0x0000000084200000, 0x0000000084200000| Complete 
|  67|0x0000000084300000, 0x0000000084400000, 0x0000000084400000|100%|HC|  |TAMS 0x0000000084300000, 0x0000000084300000| Complete 
|  68|0x0000000084400000, 0x0000000084500000, 0x0000000084500000|100%| O|  |TAMS 0x0000000084400000, 0x0000000084400000| Untracked 
|  69|0x0000000084500000, 0x0000000084600000, 0x0000000084600000|100%| O|  |TAMS 0x0000000084500000, 0x0000000084500000| Untracked 
|  70|0x0000000084600000, 0x0000000084700000, 0x0000000084700000|100%| O|  |TAMS 0x0000000084600000, 0x0000000084600000| Untracked 
|  71|0x0000000084700000, 0x0000000084800000, 0x0000000084800000|100%| O|  |TAMS 0x0000000084700000, 0x0000000084700000| Untracked 
|  72|0x0000000084800000, 0x0000000084900000, 0x0000000084900000|100%| O|  |TAMS 0x0000000084800000, 0x0000000084800000| Untracked 
|  73|0x0000000084900000, 0x0000000084943a00, 0x0000000084a00000| 26%| O|  |TAMS 0x0000000084900000, 0x0000000084900000| Untracked 
|  74|0x0000000084a00000, 0x0000000084a00000, 0x0000000084b00000|  0%| F|  |TAMS 0x0000000084a00000, 0x0000000084a00000| Untracked 
|  75|0x0000000084b00000, 0x0000000084b00000, 0x0000000084c00000|  0%| F|  |TAMS 0x0000000084b00000, 0x0000000084b00000| Untracked 
|  76|0x0000000084c00000, 0x0000000084c00000, 0x0000000084d00000|  0%| F|  |TAMS 0x0000000084c00000, 0x0000000084c00000| Untracked 
|  77|0x0000000084d00000, 0x0000000084d00000, 0x0000000084e00000|  0%| F|  |TAMS 0x0000000084d00000, 0x0000000084d00000| Untracked 
|  78|0x0000000084e00000, 0x0000000084e00000, 0x0000000084f00000|  0%| F|  |TAMS 0x0000000084e00000, 0x0000000084e00000| Untracked 
|  79|0x0000000084f00000, 0x0000000084f00000, 0x0000000085000000|  0%| F|  |TAMS 0x0000000084f00000, 0x0000000084f00000| Untracked 
|  80|0x0000000085000000, 0x0000000085000000, 0x0000000085100000|  0%| F|  |TAMS 0x0000000085000000, 0x0000000085000000| Untracked 
|  81|0x0000000085100000, 0x0000000085100000, 0x0000000085200000|  0%| F|  |TAMS 0x0000000085100000, 0x0000000085100000| Untracked 
|  82|0x0000000085200000, 0x0000000085200000, 0x0000000085300000|  0%| F|  |TAMS 0x0000000085200000, 0x0000000085200000| Untracked 
|  83|0x0000000085300000, 0x0000000085300000, 0x0000000085400000|  0%| F|  |TAMS 0x0000000085300000, 0x0000000085300000| Untracked 
|  84|0x0000000085400000, 0x0000000085400000, 0x0000000085500000|  0%| F|  |TAMS 0x0000000085400000, 0x0000000085400000| Untracked 
|  85|0x0000000085500000, 0x0000000085500000, 0x0000000085600000|  0%| F|  |TAMS 0x0000000085500000, 0x0000000085500000| Untracked 
|  86|0x0000000085600000, 0x0000000085600000, 0x0000000085700000|  0%| F|  |TAMS 0x0000000085600000, 0x0000000085600000| Untracked 
|  87|0x0000000085700000, 0x0000000085700000, 0x0000000085800000|  0%| F|  |TAMS 0x0000000085700000, 0x0000000085700000| Untracked 
|  88|0x0000000085800000, 0x0000000085800000, 0x0000000085900000|  0%| F|  |TAMS 0x0000000085800000, 0x0000000085800000| Untracked 
|  89|0x0000000085900000, 0x0000000085900000, 0x0000000085a00000|  0%| F|  |TAMS 0x0000000085900000, 0x0000000085900000| Untracked 
|  90|0x0000000085a00000, 0x0000000085a00000, 0x0000000085b00000|  0%| F|  |TAMS 0x0000000085a00000, 0x0000000085a00000| Untracked 
|  91|0x0000000085b00000, 0x0000000085b00000, 0x0000000085c00000|  0%| F|  |TAMS 0x0000000085b00000, 0x0000000085b00000| Untracked 
|  92|0x0000000085c00000, 0x0000000085c00000, 0x0000000085d00000|  0%| F|  |TAMS 0x0000000085c00000, 0x0000000085c00000| Untracked 
|  93|0x0000000085d00000, 0x0000000085d00000, 0x0000000085e00000|  0%| F|  |TAMS 0x0000000085d00000, 0x0000000085d00000| Untracked 
|  94|0x0000000085e00000, 0x0000000085e00000, 0x0000000085f00000|  0%| F|  |TAMS 0x0000000085e00000, 0x0000000085e00000| Untracked 
|  95|0x0000000085f00000, 0x0000000085f00000, 0x0000000086000000|  0%| F|  |TAMS 0x0000000085f00000, 0x0000000085f00000| Untracked 
|  96|0x0000000086000000, 0x0000000086000000, 0x0000000086100000|  0%| F|  |TAMS 0x0000000086000000, 0x0000000086000000| Untracked 
|  97|0x0000000086100000, 0x0000000086100000, 0x0000000086200000|  0%| F|  |TAMS 0x0000000086100000, 0x0000000086100000| Untracked 
|  98|0x0000000086200000, 0x0000000086238040, 0x0000000086300000| 21%| S|CS|TAMS 0x0000000086200000, 0x0000000086200000| Complete 
|  99|0x0000000086300000, 0x0000000086400000, 0x0000000086400000|100%| S|CS|TAMS 0x0000000086300000, 0x0000000086300000| Complete 
| 100|0x0000000086400000, 0x0000000086500000, 0x0000000086500000|100%| S|CS|TAMS 0x0000000086400000, 0x0000000086400000| Complete 
| 101|0x0000000086500000, 0x0000000086600000, 0x0000000086600000|100%| S|CS|TAMS 0x0000000086500000, 0x0000000086500000| Complete 
| 102|0x0000000086600000, 0x0000000086700000, 0x0000000086700000|100%| S|CS|TAMS 0x0000000086600000, 0x0000000086600000| Complete 
| 103|0x0000000086700000, 0x0000000086800000, 0x0000000086800000|100%| S|CS|TAMS 0x0000000086700000, 0x0000000086700000| Complete 
| 104|0x0000000086800000, 0x0000000086900000, 0x0000000086900000|100%| S|CS|TAMS 0x0000000086800000, 0x0000000086800000| Complete 
| 105|0x0000000086900000, 0x0000000086900000, 0x0000000086a00000|  0%| F|  |TAMS 0x0000000086900000, 0x0000000086900000| Untracked 
| 106|0x0000000086a00000, 0x0000000086a00000, 0x0000000086b00000|  0%| F|  |TAMS 0x0000000086a00000, 0x0000000086a00000| Untracked 
| 107|0x0000000086b00000, 0x0000000086b00000, 0x0000000086c00000|  0%| F|  |TAMS 0x0000000086b00000, 0x0000000086b00000| Untracked 
| 108|0x0000000086c00000, 0x0000000086c00000, 0x0000000086d00000|  0%| F|  |TAMS 0x0000000086c00000, 0x0000000086c00000| Untracked 
| 109|0x0000000086d00000, 0x0000000086d00000, 0x0000000086e00000|  0%| F|  |TAMS 0x0000000086d00000, 0x0000000086d00000| Untracked 
| 110|0x0000000086e00000, 0x0000000086e00000, 0x0000000086f00000|  0%| F|  |TAMS 0x0000000086e00000, 0x0000000086e00000| Untracked 
| 111|0x0000000086f00000, 0x0000000086f00000, 0x0000000087000000|  0%| F|  |TAMS 0x0000000086f00000, 0x0000000086f00000| Untracked 
| 112|0x0000000087000000, 0x0000000087000000, 0x0000000087100000|  0%| F|  |TAMS 0x0000000087000000, 0x0000000087000000| Untracked 
| 113|0x0000000087100000, 0x0000000087100000, 0x0000000087200000|  0%| F|  |TAMS 0x0000000087100000, 0x0000000087100000| Untracked 
| 114|0x0000000087200000, 0x0000000087200000, 0x0000000087300000|  0%| F|  |TAMS 0x0000000087200000, 0x0000000087200000| Untracked 
| 115|0x0000000087300000, 0x0000000087300000, 0x0000000087400000|  0%| F|  |TAMS 0x0000000087300000, 0x0000000087300000| Untracked 
| 116|0x0000000087400000, 0x0000000087500000, 0x0000000087500000|100%| S|CS|TAMS 0x0000000087400000, 0x0000000087400000| Complete 
| 117|0x0000000087500000, 0x0000000087600000, 0x0000000087600000|100%| S|CS|TAMS 0x0000000087500000, 0x0000000087500000| Complete 
| 118|0x0000000087600000, 0x0000000087600000, 0x0000000087700000|  0%| F|  |TAMS 0x0000000087600000, 0x0000000087600000| Untracked 
| 119|0x0000000087700000, 0x0000000087700000, 0x0000000087800000|  0%| F|  |TAMS 0x0000000087700000, 0x0000000087700000| Untracked 
| 120|0x0000000087800000, 0x0000000087800000, 0x0000000087900000|  0%| F|  |TAMS 0x0000000087800000, 0x0000000087800000| Untracked 
| 121|0x0000000087900000, 0x0000000087900000, 0x0000000087a00000|  0%| F|  |TAMS 0x0000000087900000, 0x0000000087900000| Untracked 
| 122|0x0000000087a00000, 0x0000000087a00000, 0x0000000087b00000|  0%| F|  |TAMS 0x0000000087a00000, 0x0000000087a00000| Untracked 
| 123|0x0000000087b00000, 0x0000000087b00000, 0x0000000087c00000|  0%| F|  |TAMS 0x0000000087b00000, 0x0000000087b00000| Untracked 
| 124|0x0000000087c00000, 0x0000000087c00000, 0x0000000087d00000|  0%| F|  |TAMS 0x0000000087c00000, 0x0000000087c00000| Untracked 
| 125|0x0000000087d00000, 0x0000000087d00000, 0x0000000087e00000|  0%| F|  |TAMS 0x0000000087d00000, 0x0000000087d00000| Untracked 
| 126|0x0000000087e00000, 0x0000000087e00000, 0x0000000087f00000|  0%| F|  |TAMS 0x0000000087e00000, 0x0000000087e00000| Untracked 
| 127|0x0000000087f00000, 0x0000000087f00000, 0x0000000088000000|  0%| F|  |TAMS 0x0000000087f00000, 0x0000000087f00000| Untracked 
| 128|0x0000000088000000, 0x0000000088000000, 0x0000000088100000|  0%| F|  |TAMS 0x0000000088000000, 0x0000000088000000| Untracked 
| 129|0x0000000088100000, 0x0000000088100000, 0x0000000088200000|  0%| F|  |TAMS 0x0000000088100000, 0x0000000088100000| Untracked 
| 130|0x0000000088200000, 0x0000000088200000, 0x0000000088300000|  0%| F|  |TAMS 0x0000000088200000, 0x0000000088200000| Untracked 
| 131|0x0000000088300000, 0x0000000088300000, 0x0000000088400000|  0%| F|  |TAMS 0x0000000088300000, 0x0000000088300000| Untracked 
| 132|0x0000000088400000, 0x0000000088400000, 0x0000000088500000|  0%| F|  |TAMS 0x0000000088400000, 0x0000000088400000| Untracked 
| 133|0x0000000088500000, 0x0000000088500000, 0x0000000088600000|  0%| F|  |TAMS 0x0000000088500000, 0x0000000088500000| Untracked 
| 134|0x0000000088600000, 0x0000000088600000, 0x0000000088700000|  0%| F|  |TAMS 0x0000000088600000, 0x0000000088600000| Untracked 
| 135|0x0000000088700000, 0x0000000088700000, 0x0000000088800000|  0%| F|  |TAMS 0x0000000088700000, 0x0000000088700000| Untracked 
| 136|0x0000000088800000, 0x0000000088800000, 0x0000000088900000|  0%| F|  |TAMS 0x0000000088800000, 0x0000000088800000| Untracked 
| 137|0x0000000088900000, 0x0000000088900000, 0x0000000088a00000|  0%| F|  |TAMS 0x0000000088900000, 0x0000000088900000| Untracked 
| 138|0x0000000088a00000, 0x0000000088a00000, 0x0000000088b00000|  0%| F|  |TAMS 0x0000000088a00000, 0x0000000088a00000| Untracked 
| 139|0x0000000088b00000, 0x0000000088b00000, 0x0000000088c00000|  0%| F|  |TAMS 0x0000000088b00000, 0x0000000088b00000| Untracked 
| 140|0x0000000088c00000, 0x0000000088c00000, 0x0000000088d00000|  0%| F|  |TAMS 0x0000000088c00000, 0x0000000088c00000| Untracked 
| 141|0x0000000088d00000, 0x0000000088d00000, 0x0000000088e00000|  0%| F|  |TAMS 0x0000000088d00000, 0x0000000088d00000| Untracked 
| 142|0x0000000088e00000, 0x0000000088e00000, 0x0000000088f00000|  0%| F|  |TAMS 0x0000000088e00000, 0x0000000088e00000| Untracked 
| 143|0x0000000088f00000, 0x0000000088f00000, 0x0000000089000000|  0%| F|  |TAMS 0x0000000088f00000, 0x0000000088f00000| Untracked 
| 144|0x0000000089000000, 0x0000000089000000, 0x0000000089100000|  0%| F|  |TAMS 0x0000000089000000, 0x0000000089000000| Untracked 
| 145|0x0000000089100000, 0x0000000089100000, 0x0000000089200000|  0%| F|  |TAMS 0x0000000089100000, 0x0000000089100000| Untracked 
| 146|0x0000000089200000, 0x0000000089200000, 0x0000000089300000|  0%| F|  |TAMS 0x0000000089200000, 0x0000000089200000| Untracked 
| 147|0x0000000089300000, 0x0000000089300000, 0x0000000089400000|  0%| F|  |TAMS 0x0000000089300000, 0x0000000089300000| Untracked 
| 148|0x0000000089400000, 0x0000000089400000, 0x0000000089500000|  0%| F|  |TAMS 0x0000000089400000, 0x0000000089400000| Untracked 
| 149|0x0000000089500000, 0x0000000089500000, 0x0000000089600000|  0%| F|  |TAMS 0x0000000089500000, 0x0000000089500000| Untracked 
| 150|0x0000000089600000, 0x0000000089600000, 0x0000000089700000|  0%| F|  |TAMS 0x0000000089600000, 0x0000000089600000| Untracked 
| 151|0x0000000089700000, 0x0000000089700000, 0x0000000089800000|  0%| F|  |TAMS 0x0000000089700000, 0x0000000089700000| Untracked 
| 152|0x0000000089800000, 0x0000000089800000, 0x0000000089900000|  0%| F|  |TAMS 0x0000000089800000, 0x0000000089800000| Untracked 
| 153|0x0000000089900000, 0x0000000089900000, 0x0000000089a00000|  0%| F|  |TAMS 0x0000000089900000, 0x0000000089900000| Untracked 
| 154|0x0000000089a00000, 0x0000000089a00000, 0x0000000089b00000|  0%| F|  |TAMS 0x0000000089a00000, 0x0000000089a00000| Untracked 
| 155|0x0000000089b00000, 0x0000000089b00000, 0x0000000089c00000|  0%| F|  |TAMS 0x0000000089b00000, 0x0000000089b00000| Untracked 
| 156|0x0000000089c00000, 0x0000000089c00000, 0x0000000089d00000|  0%| F|  |TAMS 0x0000000089c00000, 0x0000000089c00000| Untracked 
| 157|0x0000000089d00000, 0x0000000089d00000, 0x0000000089e00000|  0%| F|  |TAMS 0x0000000089d00000, 0x0000000089d00000| Untracked 
| 158|0x0000000089e00000, 0x0000000089e00000, 0x0000000089f00000|  0%| F|  |TAMS 0x0000000089e00000, 0x0000000089e00000| Untracked 
| 159|0x0000000089f00000, 0x0000000089f00000, 0x000000008a000000|  0%| F|  |TAMS 0x0000000089f00000, 0x0000000089f00000| Untracked 
| 160|0x000000008a000000, 0x000000008a000000, 0x000000008a100000|  0%| F|  |TAMS 0x000000008a000000, 0x000000008a000000| Untracked 
| 161|0x000000008a100000, 0x000000008a100000, 0x000000008a200000|  0%| F|  |TAMS 0x000000008a100000, 0x000000008a100000| Untracked 
| 162|0x000000008a200000, 0x000000008a200000, 0x000000008a300000|  0%| F|  |TAMS 0x000000008a200000, 0x000000008a200000| Untracked 
| 163|0x000000008a300000, 0x000000008a300000, 0x000000008a400000|  0%| F|  |TAMS 0x000000008a300000, 0x000000008a300000| Untracked 
| 164|0x000000008a400000, 0x000000008a400000, 0x000000008a500000|  0%| F|  |TAMS 0x000000008a400000, 0x000000008a400000| Untracked 
| 165|0x000000008a500000, 0x000000008a500000, 0x000000008a600000|  0%| F|  |TAMS 0x000000008a500000, 0x000000008a500000| Untracked 
| 166|0x000000008a600000, 0x000000008a600000, 0x000000008a700000|  0%| F|  |TAMS 0x000000008a600000, 0x000000008a600000| Untracked 
| 167|0x000000008a700000, 0x000000008a700000, 0x000000008a800000|  0%| F|  |TAMS 0x000000008a700000, 0x000000008a700000| Untracked 
| 168|0x000000008a800000, 0x000000008a800000, 0x000000008a900000|  0%| F|  |TAMS 0x000000008a800000, 0x000000008a800000| Untracked 
| 169|0x000000008a900000, 0x000000008a900000, 0x000000008aa00000|  0%| F|  |TAMS 0x000000008a900000, 0x000000008a900000| Untracked 
| 170|0x000000008aa00000, 0x000000008aa00000, 0x000000008ab00000|  0%| F|  |TAMS 0x000000008aa00000, 0x000000008aa00000| Untracked 
| 171|0x000000008ab00000, 0x000000008ab00000, 0x000000008ac00000|  0%| F|  |TAMS 0x000000008ab00000, 0x000000008ab00000| Untracked 
| 172|0x000000008ac00000, 0x000000008ac00000, 0x000000008ad00000|  0%| F|  |TAMS 0x000000008ac00000, 0x000000008ac00000| Untracked 
| 173|0x000000008ad00000, 0x000000008ad00000, 0x000000008ae00000|  0%| F|  |TAMS 0x000000008ad00000, 0x000000008ad00000| Untracked 
| 174|0x000000008ae00000, 0x000000008ae00000, 0x000000008af00000|  0%| F|  |TAMS 0x000000008ae00000, 0x000000008ae00000| Untracked 
| 175|0x000000008af00000, 0x000000008af00000, 0x000000008b000000|  0%| F|  |TAMS 0x000000008af00000, 0x000000008af00000| Untracked 
| 176|0x000000008b000000, 0x000000008b000000, 0x000000008b100000|  0%| F|  |TAMS 0x000000008b000000, 0x000000008b000000| Untracked 
| 177|0x000000008b100000, 0x000000008b100000, 0x000000008b200000|  0%| F|  |TAMS 0x000000008b100000, 0x000000008b100000| Untracked 
| 178|0x000000008b200000, 0x000000008b200000, 0x000000008b300000|  0%| F|  |TAMS 0x000000008b200000, 0x000000008b200000| Untracked 
| 179|0x000000008b300000, 0x000000008b300000, 0x000000008b400000|  0%| F|  |TAMS 0x000000008b300000, 0x000000008b300000| Untracked 
| 180|0x000000008b400000, 0x000000008b400000, 0x000000008b500000|  0%| F|  |TAMS 0x000000008b400000, 0x000000008b400000| Untracked 
| 181|0x000000008b500000, 0x000000008b500000, 0x000000008b600000|  0%| F|  |TAMS 0x000000008b500000, 0x000000008b500000| Untracked 
| 182|0x000000008b600000, 0x000000008b600000, 0x000000008b700000|  0%| F|  |TAMS 0x000000008b600000, 0x000000008b600000| Untracked 
| 183|0x000000008b700000, 0x000000008b700000, 0x000000008b800000|  0%| F|  |TAMS 0x000000008b700000, 0x000000008b700000| Untracked 
| 184|0x000000008b800000, 0x000000008b800000, 0x000000008b900000|  0%| F|  |TAMS 0x000000008b800000, 0x000000008b800000| Untracked 
| 185|0x000000008b900000, 0x000000008b900000, 0x000000008ba00000|  0%| F|  |TAMS 0x000000008b900000, 0x000000008b900000| Untracked 
| 186|0x000000008ba00000, 0x000000008ba00000, 0x000000008bb00000|  0%| F|  |TAMS 0x000000008ba00000, 0x000000008ba00000| Untracked 
| 187|0x000000008bb00000, 0x000000008bb00000, 0x000000008bc00000|  0%| F|  |TAMS 0x000000008bb00000, 0x000000008bb00000| Untracked 
| 188|0x000000008bc00000, 0x000000008bc00000, 0x000000008bd00000|  0%| F|  |TAMS 0x000000008bc00000, 0x000000008bc00000| Untracked 
| 189|0x000000008bd00000, 0x000000008bd00000, 0x000000008be00000|  0%| F|  |TAMS 0x000000008bd00000, 0x000000008bd00000| Untracked 
| 190|0x000000008be00000, 0x000000008be00000, 0x000000008bf00000|  0%| F|  |TAMS 0x000000008be00000, 0x000000008be00000| Untracked 
| 191|0x000000008bf00000, 0x000000008bf00000, 0x000000008c000000|  0%| F|  |TAMS 0x000000008bf00000, 0x000000008bf00000| Untracked 
| 192|0x000000008c000000, 0x000000008c000000, 0x000000008c100000|  0%| F|  |TAMS 0x000000008c000000, 0x000000008c000000| Untracked 
| 193|0x000000008c100000, 0x000000008c100000, 0x000000008c200000|  0%| F|  |TAMS 0x000000008c100000, 0x000000008c100000| Untracked 
| 194|0x000000008c200000, 0x000000008c200000, 0x000000008c300000|  0%| F|  |TAMS 0x000000008c200000, 0x000000008c200000| Untracked 
| 195|0x000000008c300000, 0x000000008c300000, 0x000000008c400000|  0%| F|  |TAMS 0x000000008c300000, 0x000000008c300000| Untracked 
| 196|0x000000008c400000, 0x000000008c400000, 0x000000008c500000|  0%| F|  |TAMS 0x000000008c400000, 0x000000008c400000| Untracked 
| 197|0x000000008c500000, 0x000000008c500000, 0x000000008c600000|  0%| F|  |TAMS 0x000000008c500000, 0x000000008c500000| Untracked 
| 198|0x000000008c600000, 0x000000008c600000, 0x000000008c700000|  0%| F|  |TAMS 0x000000008c600000, 0x000000008c600000| Untracked 
| 199|0x000000008c700000, 0x000000008c700000, 0x000000008c800000|  0%| F|  |TAMS 0x000000008c700000, 0x000000008c700000| Untracked 
| 200|0x000000008c800000, 0x000000008c800000, 0x000000008c900000|  0%| F|  |TAMS 0x000000008c800000, 0x000000008c800000| Untracked 
| 201|0x000000008c900000, 0x000000008c900000, 0x000000008ca00000|  0%| F|  |TAMS 0x000000008c900000, 0x000000008c900000| Untracked 
| 202|0x000000008ca00000, 0x000000008ca00000, 0x000000008cb00000|  0%| F|  |TAMS 0x000000008ca00000, 0x000000008ca00000| Untracked 
| 203|0x000000008cb00000, 0x000000008cb00000, 0x000000008cc00000|  0%| F|  |TAMS 0x000000008cb00000, 0x000000008cb00000| Untracked 
| 204|0x000000008cc00000, 0x000000008cc00000, 0x000000008cd00000|  0%| F|  |TAMS 0x000000008cc00000, 0x000000008cc00000| Untracked 
| 205|0x000000008cd00000, 0x000000008cd00000, 0x000000008ce00000|  0%| F|  |TAMS 0x000000008cd00000, 0x000000008cd00000| Untracked 
| 206|0x000000008ce00000, 0x000000008ce00000, 0x000000008cf00000|  0%| F|  |TAMS 0x000000008ce00000, 0x000000008ce00000| Untracked 
| 207|0x000000008cf00000, 0x000000008cf00000, 0x000000008d000000|  0%| F|  |TAMS 0x000000008cf00000, 0x000000008cf00000| Untracked 
| 208|0x000000008d000000, 0x000000008d000000, 0x000000008d100000|  0%| F|  |TAMS 0x000000008d000000, 0x000000008d000000| Untracked 
| 209|0x000000008d100000, 0x000000008d100000, 0x000000008d200000|  0%| F|  |TAMS 0x000000008d100000, 0x000000008d100000| Untracked 
| 210|0x000000008d200000, 0x000000008d200000, 0x000000008d300000|  0%| F|  |TAMS 0x000000008d200000, 0x000000008d200000| Untracked 
| 211|0x000000008d300000, 0x000000008d300000, 0x000000008d400000|  0%| F|  |TAMS 0x000000008d300000, 0x000000008d300000| Untracked 
| 212|0x000000008d400000, 0x000000008d400000, 0x000000008d500000|  0%| F|  |TAMS 0x000000008d400000, 0x000000008d400000| Untracked 
| 213|0x000000008d500000, 0x000000008d500000, 0x000000008d600000|  0%| F|  |TAMS 0x000000008d500000, 0x000000008d500000| Untracked 
| 214|0x000000008d600000, 0x000000008d600000, 0x000000008d700000|  0%| F|  |TAMS 0x000000008d600000, 0x000000008d600000| Untracked 
| 215|0x000000008d700000, 0x000000008d700000, 0x000000008d800000|  0%| F|  |TAMS 0x000000008d700000, 0x000000008d700000| Untracked 
| 216|0x000000008d800000, 0x000000008d800000, 0x000000008d900000|  0%| F|  |TAMS 0x000000008d800000, 0x000000008d800000| Untracked 
| 217|0x000000008d900000, 0x000000008d900000, 0x000000008da00000|  0%| F|  |TAMS 0x000000008d900000, 0x000000008d900000| Untracked 
| 218|0x000000008da00000, 0x000000008da00000, 0x000000008db00000|  0%| F|  |TAMS 0x000000008da00000, 0x000000008da00000| Untracked 
| 219|0x000000008db00000, 0x000000008db00000, 0x000000008dc00000|  0%| F|  |TAMS 0x000000008db00000, 0x000000008db00000| Untracked 
| 220|0x000000008dc00000, 0x000000008dc00000, 0x000000008dd00000|  0%| F|  |TAMS 0x000000008dc00000, 0x000000008dc00000| Untracked 
| 221|0x000000008dd00000, 0x000000008dd00000, 0x000000008de00000|  0%| F|  |TAMS 0x000000008dd00000, 0x000000008dd00000| Untracked 
| 222|0x000000008de00000, 0x000000008de00000, 0x000000008df00000|  0%| F|  |TAMS 0x000000008de00000, 0x000000008de00000| Untracked 
| 223|0x000000008df00000, 0x000000008df00000, 0x000000008e000000|  0%| F|  |TAMS 0x000000008df00000, 0x000000008df00000| Untracked 
| 224|0x000000008e000000, 0x000000008e000000, 0x000000008e100000|  0%| F|  |TAMS 0x000000008e000000, 0x000000008e000000| Untracked 
| 225|0x000000008e100000, 0x000000008e100000, 0x000000008e200000|  0%| F|  |TAMS 0x000000008e100000, 0x000000008e100000| Untracked 
| 226|0x000000008e200000, 0x000000008e200000, 0x000000008e300000|  0%| F|  |TAMS 0x000000008e200000, 0x000000008e200000| Untracked 
| 227|0x000000008e300000, 0x000000008e300000, 0x000000008e400000|  0%| F|  |TAMS 0x000000008e300000, 0x000000008e300000| Untracked 
| 228|0x000000008e400000, 0x000000008e400000, 0x000000008e500000|  0%| F|  |TAMS 0x000000008e400000, 0x000000008e400000| Untracked 
| 229|0x000000008e500000, 0x000000008e500000, 0x000000008e600000|  0%| F|  |TAMS 0x000000008e500000, 0x000000008e500000| Untracked 
| 230|0x000000008e600000, 0x000000008e600000, 0x000000008e700000|  0%| F|  |TAMS 0x000000008e600000, 0x000000008e600000| Untracked 
| 231|0x000000008e700000, 0x000000008e700000, 0x000000008e800000|  0%| F|  |TAMS 0x000000008e700000, 0x000000008e700000| Untracked 
| 232|0x000000008e800000, 0x000000008e800000, 0x000000008e900000|  0%| F|  |TAMS 0x000000008e800000, 0x000000008e800000| Untracked 
| 233|0x000000008e900000, 0x000000008e900000, 0x000000008ea00000|  0%| F|  |TAMS 0x000000008e900000, 0x000000008e900000| Untracked 
| 234|0x000000008ea00000, 0x000000008ea00000, 0x000000008eb00000|  0%| F|  |TAMS 0x000000008ea00000, 0x000000008ea00000| Untracked 
| 235|0x000000008eb00000, 0x000000008eb00000, 0x000000008ec00000|  0%| F|  |TAMS 0x000000008eb00000, 0x000000008eb00000| Untracked 
| 236|0x000000008ec00000, 0x000000008ec00000, 0x000000008ed00000|  0%| F|  |TAMS 0x000000008ec00000, 0x000000008ec00000| Untracked 
| 237|0x000000008ed00000, 0x000000008ed00000, 0x000000008ee00000|  0%| F|  |TAMS 0x000000008ed00000, 0x000000008ed00000| Untracked 
| 238|0x000000008ee00000, 0x000000008ee00000, 0x000000008ef00000|  0%| F|  |TAMS 0x000000008ee00000, 0x000000008ee00000| Untracked 
| 239|0x000000008ef00000, 0x000000008ef00000, 0x000000008f000000|  0%| F|  |TAMS 0x000000008ef00000, 0x000000008ef00000| Untracked 
| 240|0x000000008f000000, 0x000000008f000000, 0x000000008f100000|  0%| F|  |TAMS 0x000000008f000000, 0x000000008f000000| Untracked 
| 241|0x000000008f100000, 0x000000008f100000, 0x000000008f200000|  0%| F|  |TAMS 0x000000008f100000, 0x000000008f100000| Untracked 
| 242|0x000000008f200000, 0x000000008f200000, 0x000000008f300000|  0%| F|  |TAMS 0x000000008f200000, 0x000000008f200000| Untracked 
| 243|0x000000008f300000, 0x000000008f300000, 0x000000008f400000|  0%| F|  |TAMS 0x000000008f300000, 0x000000008f300000| Untracked 
| 244|0x000000008f400000, 0x000000008f400000, 0x000000008f500000|  0%| F|  |TAMS 0x000000008f400000, 0x000000008f400000| Untracked 
| 245|0x000000008f500000, 0x000000008f500000, 0x000000008f600000|  0%| F|  |TAMS 0x000000008f500000, 0x000000008f500000| Untracked 
| 246|0x000000008f600000, 0x000000008f600000, 0x000000008f700000|  0%| F|  |TAMS 0x000000008f600000, 0x000000008f600000| Untracked 
| 247|0x000000008f700000, 0x000000008f700000, 0x000000008f800000|  0%| F|  |TAMS 0x000000008f700000, 0x000000008f700000| Untracked 
| 248|0x000000008f800000, 0x000000008f800000, 0x000000008f900000|  0%| F|  |TAMS 0x000000008f800000, 0x000000008f800000| Untracked 
| 249|0x000000008f900000, 0x000000008f900000, 0x000000008fa00000|  0%| F|  |TAMS 0x000000008f900000, 0x000000008f900000| Untracked 

Card table byte_map: [0x0000022f62630000,0x0000022f62a30000] _byte_map_base: 0x0000022f62230000

Marking Bits (Prev, Next): (CMBitMap*) 0x0000022f4fa7a3c0, (CMBitMap*) 0x0000022f4fa7a380
 Prev Bits: [0x0000022f64e30000, 0x0000022f66e30000)
 Next Bits: [0x0000022f62e30000, 0x0000022f64e30000)

Polling page: 0x0000022f4d950000

Metaspace:

Usage:
  Non-class:     45.73 MB used.
      Class:      6.80 MB used.
       Both:     52.53 MB used.

Virtual space:
  Non-class space:       48.00 MB reserved,      46.00 MB ( 96%) committed,  6 nodes.
      Class space:        1.00 GB reserved,       7.06 MB ( <1%) committed,  1 nodes.
             Both:        1.05 GB reserved,      53.06 MB (  5%) committed. 

Chunk freelists:
   Non-Class:  1.75 MB
       Class:  992.00 KB
        Both:  2.72 MB

MaxMetaspaceSize: unlimited
CompressedClassSpaceSize: 1.00 GB
Initial GC threshold: 21.00 MB
Current GC threshold: 81.25 MB
CDS: off
MetaspaceReclaimPolicy: balanced
 - commit_granule_bytes: 65536.
 - commit_granule_words: 8192.
 - virtual_space_node_default_size: 1048576.
 - enlarge_chunks_in_place: 1.
 - new_chunks_are_fully_committed: 0.
 - uncommit_free_chunks: 1.
 - use_allocation_guard: 0.
 - handle_deallocations: 1.


Internal statistics:

num_allocs_failed_limit: 3.
num_arena_births: 574.
num_arena_deaths: 2.
num_vsnodes_births: 7.
num_vsnodes_deaths: 0.
num_space_committed: 849.
num_space_uncommitted: 0.
num_chunks_returned_to_freelist: 6.
num_chunks_taken_from_freelist: 2294.
num_chunk_merges: 3.
num_chunk_splits: 1523.
num_chunks_enlarged: 1050.
num_purges: 2.
num_inconsistent_stats: 0.

CodeHeap 'non-profiled nmethods': size=120000Kb used=4159Kb max_used=4159Kb free=115840Kb
 bounds [0x0000022f5a9c0000, 0x0000022f5add0000, 0x0000022f61ef0000]
CodeHeap 'profiled nmethods': size=120000Kb used=11901Kb max_used=11901Kb free=108098Kb
 bounds [0x0000022f52ef0000, 0x0000022f53a90000, 0x0000022f5a420000]
CodeHeap 'non-nmethods': size=5760Kb used=2325Kb max_used=2385Kb free=3435Kb
 bounds [0x0000022f5a420000, 0x0000022f5a690000, 0x0000022f5a9c0000]
 total_blobs=6777 nmethods=5950 adapters=739
 compilation: enabled
              stopped_count=0, restarted_count=0
 full_count=0

Compilation events (20 events):
Event: 14.291 Thread 0x0000022f6a450210 6811       1       org.gradle.internal.serialize.Serializers$StatefulSerializerAdapter::access$000 (5 bytes)
Event: 14.291 Thread 0x0000022f6a450210 nmethod 6811 0x0000022f5adb3290 code [0x0000022f5adb3420, 0x0000022f5adb34d8]
Event: 14.345 Thread 0x0000022f6a44f910 nmethod 6806 0x0000022f5adb3590 code [0x0000022f5adb3c00, 0x0000022f5adbc708]
Event: 14.345 Thread 0x0000022f6a44f910 6810       4       org.objectweb.asm.ClassReader::readStackMapFrame (535 bytes)
Event: 14.382 Thread 0x0000022f6a450210 6812       2       org.gradle.internal.serialize.DefaultSerializerRegistry$TaggedTypeSerializer::write (37 bytes)
Event: 14.382 Thread 0x0000022f6a450210 nmethod 6812 0x0000022f53a8b790 code [0x0000022f53a8b960, 0x0000022f53a8bb68]
Event: 14.382 Thread 0x0000022f6a450210 6813       2       org.gradle.internal.serialize.DefaultSerializerRegistry$TaggedTypeSerializer::map (110 bytes)
Event: 14.383 Thread 0x0000022f6a450210 nmethod 6813 0x0000022f53a8bd10 code [0x0000022f53a8bfc0, 0x0000022f53a8c8e8]
Event: 14.383 Thread 0x0000022f6a450210 6814       1       org.gradle.launcher.daemon.protocol.OutputMessage::getEvent (5 bytes)
Event: 14.383 Thread 0x0000022f6a450210 nmethod 6814 0x0000022f5adc3310 code [0x0000022f5adc34a0, 0x0000022f5adc3578]
Event: 14.400 Thread 0x0000022f6a450210 6815 % !   3       org.gradle.internal.classpath.ClasspathWalker::visitJarContents @ 13 (107 bytes)
Event: 14.401 Thread 0x0000022f6a450210 nmethod 6815% 0x0000022f53a8cd90 code [0x0000022f53a8d060, 0x0000022f53a8e1b8]
Event: 14.443 Thread 0x0000022f6a44f910 nmethod 6810 0x0000022f5adc3610 code [0x0000022f5adc3b40, 0x0000022f5adcb3a0]
Event: 14.443 Thread 0x0000022f6a44f910 6650       4       java.util.regex.Pattern$Branch::match (66 bytes)
Event: 14.449 Thread 0x0000022f6a44f910 nmethod 6650 0x0000022f5adce210 code [0x0000022f5adce3e0, 0x0000022f5adcea18]
Event: 14.449 Thread 0x0000022f6a44f910 6655       4       java.util.regex.Pattern$BmpCharPropertyGreedy::match (89 bytes)
Event: 14.452 Thread 0x0000022f6a44f910 nmethod 6655 0x0000022f5adcf090 code [0x0000022f5adcf240, 0x0000022f5adcf7f8]
Event: 14.452 Thread 0x0000022f6a44f910 6678       4       org.objectweb.asm.signature.SignatureReader::parseType (411 bytes)
Event: 14.485 Thread 0x0000022f6a450210 6816 %     3       org.objectweb.asm.commons.Remapper::mapTypes @ 4 (61 bytes)
Event: 14.486 Thread 0x0000022f6a450210 nmethod 6816% 0x0000022f53a8e910 code [0x0000022f53a8eb40, 0x0000022f53a8f458]

GC Heap History (20 events):
Event: 12.409 GC heap after
{Heap after GC invocations=55 (full 0):
 garbage-first heap   total 256000K, used 75728K [0x0000000080000000, 0x0000000100000000)
  region size 1024K, 8 young (8192K), 8 survivors (8192K)
 Metaspace       used 53728K, committed 54272K, reserved 1097728K
  class space    used 6956K, committed 7232K, reserved 1048576K
}
Event: 12.632 GC heap before
{Heap before GC invocations=55 (full 0):
 garbage-first heap   total 256000K, used 220112K [0x0000000080000000, 0x0000000100000000)
  region size 1024K, 149 young (152576K), 8 survivors (8192K)
 Metaspace       used 53729K, committed 54272K, reserved 1097728K
  class space    used 6956K, committed 7232K, reserved 1048576K
}
Event: 12.636 GC heap after
{Heap after GC invocations=56 (full 0):
 garbage-first heap   total 256000K, used 76372K [0x0000000080000000, 0x0000000100000000)
  region size 1024K, 8 young (8192K), 8 survivors (8192K)
 Metaspace       used 53729K, committed 54272K, reserved 1097728K
  class space    used 6956K, committed 7232K, reserved 1048576K
}
Event: 12.930 GC heap before
{Heap before GC invocations=56 (full 0):
 garbage-first heap   total 256000K, used 220756K [0x0000000080000000, 0x0000000100000000)
  region size 1024K, 149 young (152576K), 8 survivors (8192K)
 Metaspace       used 53759K, committed 54336K, reserved 1097728K
  class space    used 6964K, committed 7232K, reserved 1048576K
}
Event: 12.933 GC heap after
{Heap after GC invocations=57 (full 0):
 garbage-first heap   total 256000K, used 77182K [0x0000000080000000, 0x0000000100000000)
  region size 1024K, 9 young (9216K), 9 survivors (9216K)
 Metaspace       used 53759K, committed 54336K, reserved 1097728K
  class space    used 6964K, committed 7232K, reserved 1048576K
}
Event: 13.137 GC heap before
{Heap before GC invocations=57 (full 0):
 garbage-first heap   total 256000K, used 219518K [0x0000000080000000, 0x0000000100000000)
  region size 1024K, 148 young (151552K), 9 survivors (9216K)
 Metaspace       used 53759K, committed 54336K, reserved 1097728K
  class space    used 6964K, committed 7232K, reserved 1048576K
}
Event: 13.140 GC heap after
{Heap after GC invocations=58 (full 0):
 garbage-first heap   total 256000K, used 77241K [0x0000000080000000, 0x0000000100000000)
  region size 1024K, 9 young (9216K), 9 survivors (9216K)
 Metaspace       used 53759K, committed 54336K, reserved 1097728K
  class space    used 6964K, committed 7232K, reserved 1048576K
}
Event: 13.400 GC heap before
{Heap before GC invocations=58 (full 0):
 garbage-first heap   total 256000K, used 229817K [0x0000000080000000, 0x0000000100000000)
  region size 1024K, 148 young (151552K), 9 survivors (9216K)
 Metaspace       used 53783K, committed 54336K, reserved 1097728K
  class space    used 6964K, committed 7232K, reserved 1048576K
}
Event: 13.404 GC heap after
{Heap after GC invocations=59 (full 0):
 garbage-first heap   total 256000K, used 78300K [0x0000000080000000, 0x0000000100000000)
  region size 1024K, 10 young (10240K), 10 survivors (10240K)
 Metaspace       used 53783K, committed 54336K, reserved 1097728K
  class space    used 6964K, committed 7232K, reserved 1048576K
}
Event: 13.604 GC heap before
{Heap before GC invocations=59 (full 0):
 garbage-first heap   total 256000K, used 218588K [0x0000000080000000, 0x0000000100000000)
  region size 1024K, 147 young (150528K), 10 survivors (10240K)
 Metaspace       used 53784K, committed 54336K, reserved 1097728K
  class space    used 6964K, committed 7232K, reserved 1048576K
}
Event: 13.608 GC heap after
{Heap after GC invocations=60 (full 0):
 garbage-first heap   total 256000K, used 78822K [0x0000000080000000, 0x0000000100000000)
  region size 1024K, 10 young (10240K), 10 survivors (10240K)
 Metaspace       used 53784K, committed 54336K, reserved 1097728K
  class space    used 6964K, committed 7232K, reserved 1048576K
}
Event: 13.799 GC heap before
{Heap before GC invocations=60 (full 0):
 garbage-first heap   total 256000K, used 219110K [0x0000000080000000, 0x0000000100000000)
  region size 1024K, 147 young (150528K), 10 survivors (10240K)
 Metaspace       used 53784K, committed 54336K, reserved 1097728K
  class space    used 6964K, committed 7232K, reserved 1048576K
}
Event: 13.804 GC heap after
{Heap after GC invocations=61 (full 0):
 garbage-first heap   total 256000K, used 79256K [0x0000000080000000, 0x0000000100000000)
  region size 1024K, 11 young (11264K), 11 survivors (11264K)
 Metaspace       used 53784K, committed 54336K, reserved 1097728K
  class space    used 6964K, committed 7232K, reserved 1048576K
}
Event: 13.992 GC heap before
{Heap before GC invocations=61 (full 0):
 garbage-first heap   total 256000K, used 217496K [0x0000000080000000, 0x0000000100000000)
  region size 1024K, 146 young (149504K), 11 survivors (11264K)
 Metaspace       used 53785K, committed 54336K, reserved 1097728K
  class space    used 6964K, committed 7232K, reserved 1048576K
}
Event: 13.997 GC heap after
{Heap after GC invocations=62 (full 0):
 garbage-first heap   total 256000K, used 80018K [0x0000000080000000, 0x0000000100000000)
  region size 1024K, 9 young (9216K), 9 survivors (9216K)
 Metaspace       used 53785K, committed 54336K, reserved 1097728K
  class space    used 6964K, committed 7232K, reserved 1048576K
}
Event: 14.167 GC heap before
{Heap before GC invocations=62 (full 0):
 garbage-first heap   total 256000K, used 219282K [0x0000000080000000, 0x0000000100000000)
  region size 1024K, 145 young (148480K), 9 survivors (9216K)
 Metaspace       used 53786K, committed 54336K, reserved 1097728K
  class space    used 6964K, committed 7232K, reserved 1048576K
}
Event: 14.171 GC heap after
{Heap after GC invocations=63 (full 0):
 garbage-first heap   total 256000K, used 81219K [0x0000000080000000, 0x0000000100000000)
  region size 1024K, 10 young (10240K), 10 survivors (10240K)
 Metaspace       used 53786K, committed 54336K, reserved 1097728K
  class space    used 6964K, committed 7232K, reserved 1048576K
}
Event: 14.346 GC heap before
{Heap before GC invocations=63 (full 0):
 garbage-first heap   total 256000K, used 218435K [0x0000000080000000, 0x0000000100000000)
  region size 1024K, 144 young (147456K), 10 survivors (10240K)
 Metaspace       used 53786K, committed 54336K, reserved 1097728K
  class space    used 6964K, committed 7232K, reserved 1048576K
}
Event: 14.350 GC heap after
{Heap after GC invocations=64 (full 0):
 garbage-first heap   total 256000K, used 82047K [0x0000000080000000, 0x0000000100000000)
  region size 1024K, 11 young (11264K), 11 survivors (11264K)
 Metaspace       used 53786K, committed 54336K, reserved 1097728K
  class space    used 6964K, committed 7232K, reserved 1048576K
}
Event: 14.503 GC heap before
{Heap before GC invocations=64 (full 0):
 garbage-first heap   total 256000K, used 217215K [0x0000000080000000, 0x0000000100000000)
  region size 1024K, 143 young (146432K), 11 survivors (11264K)
 Metaspace       used 53791K, committed 54336K, reserved 1097728K
  class space    used 6964K, committed 7232K, reserved 1048576K
}

Dll operation events (2 events):
Event: 0.012 Loaded shared library C:\Program Files\Android\Android Studio\jbr\bin\java.dll
Event: 0.331 Loaded shared library C:\Program Files\Android\Android Studio\jbr\bin\verify.dll

Deoptimization events (20 events):
Event: 12.832 Thread 0x0000022f6bf3e970 Uncommon trap: trap_request=0xffffffc6 fr.pc=0x0000022f5ab89130 relative=0x00000000000008b0
Event: 12.832 Thread 0x0000022f6bf3e970 Uncommon trap: reason=bimorphic_or_optimized_type_check action=maybe_recompile pc=0x0000022f5ab89130 method=java.util.regex.Pattern$Start.match(Ljava/util/regex/Matcher;ILjava/lang/CharSequence;)Z @ 44 c2
Event: 12.832 Thread 0x0000022f6bf3e970 DEOPT PACKING pc=0x0000022f5ab89130 sp=0x00000072d09f84d0
Event: 12.832 Thread 0x0000022f6bf3e970 DEOPT UNPACKING pc=0x0000022f5a47a1a3 sp=0x00000072d09f83b0 mode 2
Event: 12.942 Thread 0x0000022f6bf3e970 DEOPT PACKING pc=0x0000022f53a60482 sp=0x00000072d09f7ba0
Event: 12.942 Thread 0x0000022f6bf3e970 DEOPT UNPACKING pc=0x0000022f5a47ace3 sp=0x00000072d09f7460 mode 0
Event: 13.379 Thread 0x0000022f6bf3e970 Uncommon trap: trap_request=0xffffffc6 fr.pc=0x0000022f5ab86838 relative=0x0000000000000858
Event: 13.379 Thread 0x0000022f6bf3e970 Uncommon trap: reason=bimorphic_or_optimized_type_check action=maybe_recompile pc=0x0000022f5ab86838 method=java.util.regex.Pattern$Start.match(Ljava/util/regex/Matcher;ILjava/lang/CharSequence;)Z @ 44 c2
Event: 13.379 Thread 0x0000022f6bf3e970 DEOPT PACKING pc=0x0000022f5ab86838 sp=0x00000072d09f8440
Event: 13.379 Thread 0x0000022f6bf3e970 DEOPT UNPACKING pc=0x0000022f5a47a1a3 sp=0x00000072d09f83a0 mode 2
Event: 13.925 Thread 0x0000022f6bf3e970 DEOPT PACKING pc=0x0000022f535ffba4 sp=0x00000072d09f80e0
Event: 13.925 Thread 0x0000022f6bf3e970 DEOPT UNPACKING pc=0x0000022f5a47ace3 sp=0x00000072d09f7638 mode 0
Event: 14.132 Thread 0x0000022f6bf3e970 Uncommon trap: trap_request=0xffffff76 fr.pc=0x0000022f5ad98ac4 relative=0x0000000000007ce4
Event: 14.132 Thread 0x0000022f6bf3e970 Uncommon trap: reason=predicate action=maybe_recompile pc=0x0000022f5ad98ac4 method=org.objectweb.asm.ClassReader.readMethod(Lorg/objectweb/asm/ClassVisitor;Lorg/objectweb/asm/Context;I)I @ 917 c2
Event: 14.132 Thread 0x0000022f6bf3e970 DEOPT PACKING pc=0x0000022f5ad98ac4 sp=0x00000072d09f81e0
Event: 14.132 Thread 0x0000022f6bf3e970 DEOPT UNPACKING pc=0x0000022f5a47a1a3 sp=0x00000072d09f81f8 mode 2
Event: 14.132 Thread 0x0000022f6bf3e970 Uncommon trap: trap_request=0xffffff45 fr.pc=0x0000022f5aca2934 relative=0x0000000000007ad4
Event: 14.132 Thread 0x0000022f6bf3e970 Uncommon trap: reason=unstable_if action=reinterpret pc=0x0000022f5aca2934 method=org.objectweb.asm.MethodWriter.putMethodInfo(Lorg/objectweb/asm/ByteVector;)V @ 210 c2
Event: 14.132 Thread 0x0000022f6bf3e970 DEOPT PACKING pc=0x0000022f5aca2934 sp=0x00000072d09f83d0
Event: 14.132 Thread 0x0000022f6bf3e970 DEOPT UNPACKING pc=0x0000022f5a47a1a3 sp=0x00000072d09f83a8 mode 2

Classes unloaded (2 events):
Event: 5.493 Thread 0x0000022f6986dd50 Unloading class 0x00000001005ac558 '_BuildScript_$_run_closure1'
Event: 5.493 Thread 0x0000022f6986dd50 Unloading class 0x00000001005ac000 '_BuildScript_'

Classes redefined (0 events):
No events

Internal exceptions (20 events):
Event: 11.610 Thread 0x0000022f6bf3e970 Exception <a 'java/lang/ClassNotFoundException'{0x000000008b1f0710}: ijtestinit_3s3gfj6vjrpb2zvaaz8ckexv0BeanInfo> (0x000000008b1f0710) 
thrown [s\src\hotspot\share\classfile\systemDictionary.cpp, line 256]
Event: 11.610 Thread 0x0000022f6bf3e970 Exception <a 'java/lang/ClassNotFoundException'{0x000000008b1f6580}: ijtestinit_3s3gfj6vjrpb2zvaaz8ckexv0Customizer> (0x000000008b1f6580) 
thrown [s\src\hotspot\share\classfile\systemDictionary.cpp, line 256]
Event: 11.613 Thread 0x0000022f6bf3e970 Exception <a 'java/lang/ClassNotFoundException'{0x000000008afbb080}: org/gradle/execution/taskgraph/DefaultTaskExecutionGraphBeanInfo> (0x000000008afbb080) 
thrown [s\src\hotspot\share\classfile\systemDictionary.cpp, line 256]
Event: 11.613 Thread 0x0000022f6bf3e970 Exception <a 'java/lang/ClassNotFoundException'{0x000000008afca7d8}: org/gradle/execution/taskgraph/DefaultTaskExecutionGraphCustomizer> (0x000000008afca7d8) 
thrown [s\src\hotspot\share\classfile\systemDictionary.cpp, line 256]
Event: 11.615 Thread 0x0000022f6bf3e970 Exception <a 'java/lang/ClassNotFoundException'{0x000000008ae1e5d8}: org/gradle/configuration/internal/DefaultListenerBuildOperationDecorator$BuildOperationEmittingClosureBeanInfo> (0x000000008ae1e5d8) 
thrown [s\src\hotspot\share\classfile\systemDictionary.cpp, line 256]
Event: 11.615 Thread 0x0000022f6bf3e970 Exception <a 'java/lang/ClassNotFoundException'{0x000000008ae2e9c0}: org/gradle/configuration/internal/DefaultListenerBuildOperationDecorator$BuildOperationEmittingClosureCustomizer> (0x000000008ae2e9c0) 
thrown [s\src\hotspot\share\classfile\systemDictionary.cpp, line 256]
Event: 11.625 Thread 0x0000022f6bf3e970 Exception <a 'java/lang/NoSuchMethodError'{0x000000008ad0dca8}: 'java.lang.Object java.lang.invoke.DirectMethodHandle$Holder.invokeSpecial(java.lang.Object, java.lang.Object, java.lang.Object, java.lang.Object, java.lang.Object, java.lang.Object, java.lang.Object, java.lang.Object, java.lang.Object, java.lang.Object)'> (0x000000008ad0dca8) 
thrown [s\src\hotspot\share\interpreter\linkResolver.cpp, line 771]
Event: 11.626 Thread 0x0000022f6bf3e970 Exception <a 'java/lang/NoSuchMethodError'{0x000000008ad16880}: 'java.lang.Object java.lang.invoke.Invokers$Holder.invoker(java.lang.Object, java.lang.Object, java.lang.Object, java.lang.Object, java.lang.Object, java.lang.Object, java.lang.Object, java.lang.Object, java.lang.Object)'> (0x000000008ad16880) 
thrown [s\src\hotspot\share\interpreter\linkResolver.cpp, line 771]
Event: 11.640 Thread 0x0000022f6bf3e970 Exception <a 'java/lang/NoSuchMethodError'{0x000000008ac1e430}: 'java.lang.Object java.lang.invoke.DelegatingMethodHandle$Holder.reinvoke_L(java.lang.Object, java.lang.Object, java.lang.Object, java.lang.Object, java.lang.Object, java.lang.Object, java.lang.Object, java.lang.Object, java.lang.Object, java.lang.Object, java.lang.Object, java.lang.Object, java.lang.Object, java.lang.Object, java.lang.Object, java.lang.Object, java.lang.Object, java.lang.Object, java.lang.Object, java.lang.Object, java.lang.O
Event: 11.641 Thread 0x0000022f6bf3e970 Exception <a 'java/lang/NoSuchMethodError'{0x000000008ac292c8}: 'java.lang.Object java.lang.invoke.Invokers$Holder.invoker(java.lang.Object, java.lang.Object, java.lang.Object, java.lang.Object, java.lang.Object, java.lang.Object, java.lang.Object, java.lang.Object, java.lang.Object, java.lang.Object, java.lang.Object, java.lang.Object, java.lang.Object, java.lang.Object, java.lang.Object, java.lang.Object, java.lang.Object, java.lang.Object, java.lang.Object, java.lang.Object, java.lang.Object)'> (0x00000
Event: 11.641 Thread 0x0000022f6bf3e970 Exception <a 'java/lang/NoSuchMethodError'{0x000000008ac2f9d8}: 'java.lang.Object java.lang.invoke.DelegatingMethodHandle$Holder.delegate(java.lang.Object, java.lang.Object, java.lang.Object, java.lang.Object, java.lang.Object, java.lang.Object, java.lang.Object, java.lang.Object, java.lang.Object, java.lang.Object, java.lang.Object, java.lang.Object, java.lang.Object, java.lang.Object, java.lang.Object, java.lang.Object, java.lang.Object, java.lang.Object, java.lang.Object, java.lang.Object, java.lang.Obj
Event: 11.644 Thread 0x0000022f6bf3e970 Exception <a 'java/lang/NoSuchMethodError'{0x000000008ab133e0}: 'java.lang.Object java.lang.invoke.DirectMethodHandle$Holder.invokeStatic(java.lang.Object, java.lang.Object, java.lang.Object, java.lang.Object, java.lang.Object, java.lang.Object, java.lang.Object, java.lang.Object, java.lang.Object, java.lang.Object, java.lang.Object, java.lang.Object, java.lang.Object, java.lang.Object, java.lang.Object, java.lang.Object, java.lang.Object)'> (0x000000008ab133e0) 
thrown [s\src\hotspot\share\interpreter\lin
Event: 11.645 Thread 0x0000022f6bf3e970 Exception <a 'java/lang/NoSuchMethodError'{0x000000008ab3ac18}: 'java.lang.Object java.lang.invoke.DirectMethodHandle$Holder.invokeStatic(java.lang.Object, java.lang.Object, java.lang.Object, java.lang.Object, java.lang.Object, java.lang.Object, java.lang.Object, java.lang.Object, java.lang.Object, java.lang.Object, java.lang.Object, java.lang.Object, java.lang.Object, java.lang.Object, java.lang.Object, java.lang.Object, java.lang.Object, java.lang.Object)'> (0x000000008ab3ac18) 
thrown [s\src\hotspot\sha
Event: 11.646 Thread 0x0000022f6bf3e970 Exception <a 'java/lang/NoSuchMethodError'{0x000000008ab62fb8}: 'java.lang.Object java.lang.invoke.DirectMethodHandle$Holder.invokeStatic(java.lang.Object, java.lang.Object, java.lang.Object, java.lang.Object, java.lang.Object, java.lang.Object, java.lang.Object, java.lang.Object, java.lang.Object, java.lang.Object, java.lang.Object, java.lang.Object, java.lang.Object, java.lang.Object, java.lang.Object, java.lang.Object, java.lang.Object, java.lang.Object, java.lang.Object)'> (0x000000008ab62fb8) 
thrown 
Event: 11.647 Thread 0x0000022f6bf3e970 Exception <a 'java/lang/NoSuchMethodError'{0x000000008ab8c7c8}: 'java.lang.Object java.lang.invoke.DirectMethodHandle$Holder.invokeStatic(java.lang.Object, java.lang.Object, java.lang.Object, java.lang.Object, java.lang.Object, java.lang.Object, java.lang.Object, java.lang.Object, java.lang.Object, java.lang.Object, java.lang.Object, java.lang.Object, java.lang.Object, java.lang.Object, java.lang.Object, java.lang.Object, java.lang.Object, java.lang.Object, java.lang.Object, java.lang.Object)'> (0x00000000
Event: 11.648 Thread 0x0000022f6bf3e970 Exception <a 'java/lang/NoSuchMethodError'{0x000000008abb6718}: 'java.lang.Object java.lang.invoke.DirectMethodHandle$Holder.invokeStatic(java.lang.Object, java.lang.Object, java.lang.Object, java.lang.Object, java.lang.Object, java.lang.Object, java.lang.Object, java.lang.Object, java.lang.Object, java.lang.Object, java.lang.Object, java.lang.Object, java.lang.Object, java.lang.Object, java.lang.Object, java.lang.Object, java.lang.Object, java.lang.Object, java.lang.Object, java.lang.Object, java.lang.Obj
Event: 11.649 Thread 0x0000022f6bf3e970 Exception <a 'java/lang/NoSuchMethodError'{0x000000008abe1778}: 'java.lang.Object java.lang.invoke.DirectMethodHandle$Holder.invokeStatic(java.lang.Object, java.lang.Object, java.lang.Object, java.lang.Object, java.lang.Object, java.lang.Object, java.lang.Object, java.lang.Object, java.lang.Object, java.lang.Object, java.lang.Object, java.lang.Object, java.lang.Object, java.lang.Object, java.lang.Object, java.lang.Object, java.lang.Object, java.lang.Object, java.lang.Object, java.lang.Object, java.lang.Obj
Event: 11.649 Thread 0x0000022f6bf3e970 Exception <a 'java/lang/NoSuchMethodError'{0x000000008aa0e848}: 'java.lang.Object java.lang.invoke.DirectMethodHandle$Holder.invokeStatic(java.lang.Object, java.lang.Object, java.lang.Object, java.lang.Object, java.lang.Object, java.lang.Object, java.lang.Object, java.lang.Object, java.lang.Object, java.lang.Object, java.lang.Object, java.lang.Object, java.lang.Object, java.lang.Object, java.lang.Object, java.lang.Object, java.lang.Object, java.lang.Object, java.lang.Object, java.lang.Object, java.lang.Obj
Event: 11.650 Thread 0x0000022f6bf3e970 Exception <a 'java/lang/NoSuchMethodError'{0x000000008aa3cbf8}: 'java.lang.Object java.lang.invoke.DirectMethodHandle$Holder.invokeStatic(java.lang.Object, java.lang.Object, java.lang.Object, java.lang.Object, java.lang.Object, java.lang.Object, java.lang.Object, java.lang.Object, java.lang.Object, java.lang.Object, java.lang.Object, java.lang.Object, java.lang.Object, java.lang.Object, java.lang.Object, java.lang.Object, java.lang.Object, java.lang.Object, java.lang.Object, java.lang.Object, java.lang.Obj
Event: 11.700 Thread 0x0000022f6bf3e970 Exception <a 'sun/nio/fs/WindowsException'{0x000000008a0863c8}> (0x000000008a0863c8) 
thrown [s\src\hotspot\share\prims\jni.cpp, line 517]

VM Operations (20 events):
Event: 12.409 Executing VM operation: G1CollectForAllocation done
Event: 12.632 Executing VM operation: G1CollectForAllocation
Event: 12.636 Executing VM operation: G1CollectForAllocation done
Event: 12.929 Executing VM operation: G1CollectForAllocation
Event: 12.933 Executing VM operation: G1CollectForAllocation done
Event: 13.137 Executing VM operation: G1CollectForAllocation
Event: 13.140 Executing VM operation: G1CollectForAllocation done
Event: 13.400 Executing VM operation: G1CollectForAllocation
Event: 13.404 Executing VM operation: G1CollectForAllocation done
Event: 13.604 Executing VM operation: G1CollectForAllocation
Event: 13.608 Executing VM operation: G1CollectForAllocation done
Event: 13.799 Executing VM operation: G1CollectForAllocation
Event: 13.804 Executing VM operation: G1CollectForAllocation done
Event: 13.992 Executing VM operation: G1CollectForAllocation
Event: 13.997 Executing VM operation: G1CollectForAllocation done
Event: 14.167 Executing VM operation: G1CollectForAllocation
Event: 14.171 Executing VM operation: G1CollectForAllocation done
Event: 14.346 Executing VM operation: G1CollectForAllocation
Event: 14.350 Executing VM operation: G1CollectForAllocation done
Event: 14.503 Executing VM operation: G1CollectForAllocation

Events (20 events):
Event: 11.644 loading class java/lang/invoke/BoundMethodHandle$Species_LLLLLLLLLLLLLLL
Event: 11.644 loading class java/lang/invoke/BoundMethodHandle$Species_LLLLLLLLLLLLLLL done
Event: 11.645 loading class java/lang/invoke/BoundMethodHandle$Species_LLLLLLLLLLLLLLLL
Event: 11.645 loading class java/lang/invoke/BoundMethodHandle$Species_LLLLLLLLLLLLLLLL done
Event: 11.646 loading class java/lang/invoke/BoundMethodHandle$Species_LLLLLLLLLLLLLLLLL
Event: 11.646 loading class java/lang/invoke/BoundMethodHandle$Species_LLLLLLLLLLLLLLLLL done
Event: 11.647 loading class java/lang/invoke/BoundMethodHandle$Species_LLLLLLLLLLLLLLLLLL
Event: 11.647 loading class java/lang/invoke/BoundMethodHandle$Species_LLLLLLLLLLLLLLLLLL done
Event: 11.648 loading class java/lang/invoke/BoundMethodHandle$Species_LLLLLLLLLLLLLLLLLLL
Event: 11.648 loading class java/lang/invoke/BoundMethodHandle$Species_LLLLLLLLLLLLLLLLLLL done
Event: 11.649 loading class java/lang/invoke/BoundMethodHandle$Species_LLLLLLLLLLLLLLLLLLLL
Event: 11.649 loading class java/lang/invoke/BoundMethodHandle$Species_LLLLLLLLLLLLLLLLLLLL done
Event: 11.650 loading class java/lang/invoke/BoundMethodHandle$Species_LLLLLLLLLLLLLLLLLLLLL
Event: 11.650 loading class java/lang/invoke/BoundMethodHandle$Species_LLLLLLLLLLLLLLLLLLLLL done
Event: 11.844 loading class java/util/concurrent/LinkedBlockingDeque$Itr
Event: 11.844 loading class java/util/concurrent/LinkedBlockingDeque$AbstractItr
Event: 11.845 loading class java/util/concurrent/LinkedBlockingDeque$AbstractItr done
Event: 11.845 loading class java/util/concurrent/LinkedBlockingDeque$Itr done
Event: 12.832 loading class java/util/regex/Pattern$Caret
Event: 12.832 loading class java/util/regex/Pattern$Caret done


Dynamic libraries:
0x00007ff6e3830000 - 0x00007ff6e383a000 	C:\Program Files\Android\Android Studio\jbr\bin\java.exe
0x00007ffb76710000 - 0x00007ffb76907000 	C:\WINDOWS\SYSTEM32\ntdll.dll
0x00007ffb76230000 - 0x00007ffb762ed000 	C:\WINDOWS\System32\KERNEL32.DLL
0x00007ffb742a0000 - 0x00007ffb74596000 	C:\WINDOWS\System32\KERNELBASE.dll
0x00007ffb73ec0000 - 0x00007ffb73fc0000 	C:\WINDOWS\System32\ucrtbase.dll
0x00007ffb33230000 - 0x00007ffb33247000 	C:\Program Files\Android\Android Studio\jbr\bin\jli.dll
0x00007ffb6b750000 - 0x00007ffb6b76b000 	C:\Program Files\Android\Android Studio\jbr\bin\VCRUNTIME140.dll
0x00007ffb76090000 - 0x00007ffb7622e000 	C:\WINDOWS\System32\USER32.dll
0x00007ffb73e90000 - 0x00007ffb73eb2000 	C:\WINDOWS\System32\win32u.dll
0x00007ffb74d40000 - 0x00007ffb74d6c000 	C:\WINDOWS\System32\GDI32.dll
0x00007ffb745a0000 - 0x00007ffb746ba000 	C:\WINDOWS\System32\gdi32full.dll
0x00007ffb74010000 - 0x00007ffb740ad000 	C:\WINDOWS\System32\msvcp_win.dll
0x00007ffb5b210000 - 0x00007ffb5b4aa000 	C:\WINDOWS\WinSxS\amd64_microsoft.windows.common-controls_6595b64144ccf1df_6.0.19041.3570_none_60bb2a3971f3e41a\COMCTL32.dll
0x00007ffb75650000 - 0x00007ffb756ee000 	C:\WINDOWS\System32\msvcrt.dll
0x00007ffb74e40000 - 0x00007ffb74e70000 	C:\WINDOWS\System32\IMM32.DLL
0x00007ffb6b740000 - 0x00007ffb6b74c000 	C:\Program Files\Android\Android Studio\jbr\bin\vcruntime140_1.dll
0x00007ffb452d0000 - 0x00007ffb4535d000 	C:\Program Files\Android\Android Studio\jbr\bin\msvcp140.dll
0x00007ffae5240000 - 0x00007ffae5eae000 	C:\Program Files\Android\Android Studio\jbr\bin\server\jvm.dll
0x00007ffb753c0000 - 0x00007ffb7546e000 	C:\WINDOWS\System32\ADVAPI32.dll
0x00007ffb75470000 - 0x00007ffb7550c000 	C:\WINDOWS\System32\sechost.dll
0x00007ffb75f60000 - 0x00007ffb76086000 	C:\WINDOWS\System32\RPCRT4.dll
0x00007ffb539f0000 - 0x00007ffb539f9000 	C:\WINDOWS\SYSTEM32\WSOCK32.dll
0x00007ffb75350000 - 0x00007ffb753bb000 	C:\WINDOWS\System32\WS2_32.dll
0x00007ffb5e3d0000 - 0x00007ffb5e3da000 	C:\WINDOWS\SYSTEM32\VERSION.dll
0x00007ffb63fd0000 - 0x00007ffb63ff7000 	C:\WINDOWS\SYSTEM32\WINMM.dll
0x00007ffb72650000 - 0x00007ffb72662000 	C:\WINDOWS\SYSTEM32\kernel.appcore.dll
0x00007ffb58e50000 - 0x00007ffb58e5a000 	C:\Program Files\Android\Android Studio\jbr\bin\jimage.dll
0x00007ffb72330000 - 0x00007ffb72514000 	C:\WINDOWS\SYSTEM32\DBGHELP.DLL
0x00007ffb53730000 - 0x00007ffb53764000 	C:\WINDOWS\SYSTEM32\dbgcore.DLL
0x00007ffb74210000 - 0x00007ffb74292000 	C:\WINDOWS\System32\bcryptPrimitives.dll
0x00007ffb48710000 - 0x00007ffb48735000 	C:\Program Files\Android\Android Studio\jbr\bin\java.dll
0x00007ffb3fd60000 - 0x00007ffb3fd78000 	C:\Program Files\Android\Android Studio\jbr\bin\zip.dll
0x00007ffb75810000 - 0x00007ffb75f54000 	C:\WINDOWS\System32\SHELL32.dll
0x00007ffb71ac0000 - 0x00007ffb7225b000 	C:\WINDOWS\SYSTEM32\windows.storage.dll
0x00007ffb76310000 - 0x00007ffb76664000 	C:\WINDOWS\System32\combase.dll
0x00007ffb73830000 - 0x00007ffb7385d000 	C:\WINDOWS\SYSTEM32\Wldp.dll
0x00007ffb74990000 - 0x00007ffb74a3d000 	C:\WINDOWS\System32\SHCORE.dll
0x00007ffb74770000 - 0x00007ffb747c5000 	C:\WINDOWS\System32\shlwapi.dll
0x00007ffb73d20000 - 0x00007ffb73d45000 	C:\WINDOWS\SYSTEM32\profapi.dll
0x00007ffb3fd40000 - 0x00007ffb3fd59000 	C:\Program Files\Android\Android Studio\jbr\bin\net.dll
0x00007ffb6a750000 - 0x00007ffb6a85a000 	C:\WINDOWS\SYSTEM32\WINHTTP.dll
0x00007ffb73590000 - 0x00007ffb735fa000 	C:\WINDOWS\system32\mswsock.dll
0x00007ffb350f0000 - 0x00007ffb35106000 	C:\Program Files\Android\Android Studio\jbr\bin\nio.dll
0x00007ffb48700000 - 0x00007ffb48710000 	C:\Program Files\Android\Android Studio\jbr\bin\verify.dll
0x00007ffb5e110000 - 0x00007ffb5e137000 	C:\Users\USER\.gradle\native\e1d6ef7f7dcc3fd88c89a11ec53ec762bb8ba0a96d01ffa2cd45eb1d1d8dd5c5\windows-amd64\native-platform.dll
0x00007ffb2ca90000 - 0x00007ffb2cbd4000 	C:\Users\USER\.gradle\native\5664cfc778a61ccfe75a443a1ab52a65af34e5dc3c78e0209fed803814484fcb\windows-amd64\native-platform-file-events.dll
0x00007ffb37a40000 - 0x00007ffb37a49000 	C:\Program Files\Android\Android Studio\jbr\bin\management.dll
0x00007ffb350e0000 - 0x00007ffb350eb000 	C:\Program Files\Android\Android Studio\jbr\bin\management_ext.dll
0x00007ffb74cb0000 - 0x00007ffb74cb8000 	C:\WINDOWS\System32\PSAPI.DLL
0x00007ffb73780000 - 0x00007ffb73798000 	C:\WINDOWS\SYSTEM32\CRYPTSP.dll
0x00007ffb72e30000 - 0x00007ffb72e64000 	C:\WINDOWS\system32\rsaenh.dll
0x00007ffb73df0000 - 0x00007ffb73e17000 	C:\WINDOWS\System32\bcrypt.dll
0x00007ffb73ca0000 - 0x00007ffb73cce000 	C:\WINDOWS\SYSTEM32\USERENV.dll
0x00007ffb737a0000 - 0x00007ffb737ac000 	C:\WINDOWS\SYSTEM32\CRYPTBASE.dll
0x00007ffb73230000 - 0x00007ffb7326b000 	C:\WINDOWS\SYSTEM32\IPHLPAPI.DLL
0x00007ffb74980000 - 0x00007ffb74988000 	C:\WINDOWS\System32\NSI.dll
0x00007ffb67820000 - 0x00007ffb67837000 	C:\WINDOWS\SYSTEM32\dhcpcsvc6.DLL
0x00007ffb67800000 - 0x00007ffb6781d000 	C:\WINDOWS\SYSTEM32\dhcpcsvc.DLL
0x00007ffb73280000 - 0x00007ffb7334a000 	C:\WINDOWS\SYSTEM32\DNSAPI.dll
0x00007ffb32e50000 - 0x00007ffb32e57000 	C:\WINDOWS\system32\wshunix.dll

dbghelp: loaded successfully - version: 4.0.5 - missing functions: none
symbol engine: initialized successfully - sym options: 0x614 - pdb path: .;C:\Program Files\Android\Android Studio\jbr\bin;C:\WINDOWS\SYSTEM32;C:\WINDOWS\WinSxS\amd64_microsoft.windows.common-controls_6595b64144ccf1df_6.0.19041.3570_none_60bb2a3971f3e41a;C:\Program Files\Android\Android Studio\jbr\bin\server;C:\Users\USER\.gradle\native\e1d6ef7f7dcc3fd88c89a11ec53ec762bb8ba0a96d01ffa2cd45eb1d1d8dd5c5\windows-amd64;C:\Users\USER\.gradle\native\5664cfc778a61ccfe75a443a1ab52a65af34e5dc3c78e0209fed803814484fcb\windows-amd64

VM Arguments:
jvm_args: --add-opens=java.base/java.util=ALL-UNNAMED --add-opens=java.base/java.lang=ALL-UNNAMED --add-opens=java.base/java.lang.invoke=ALL-UNNAMED --add-opens=java.base/java.util=ALL-UNNAMED --add-opens=java.prefs/java.util.prefs=ALL-UNNAMED --add-opens=java.prefs/java.util.prefs=ALL-UNNAMED --add-opens=java.base/java.nio.charset=ALL-UNNAMED --add-opens=java.base/java.net=ALL-UNNAMED --add-opens=java.base/java.util.concurrent.atomic=ALL-UNNAMED -Xmx2048m -Dfile.encoding=UTF-8 -Duser.country=KR -Duser.language=ko -Duser.variant 
java_command: org.gradle.launcher.daemon.bootstrap.GradleDaemon 7.2
java_class_path (initial): C:\Users\USER\.gradle\wrapper\dists\gradle-7.2-bin\2dnblmf4td7x66yl1d74lt32g\gradle-7.2\lib\gradle-launcher-7.2.jar
Launcher Type: SUN_STANDARD

[Global flags]
     intx CICompilerCount                          = 4                                         {product} {ergonomic}
     uint ConcGCThreads                            = 2                                         {product} {ergonomic}
     uint G1ConcRefinementThreads                  = 8                                         {product} {ergonomic}
   size_t G1HeapRegionSize                         = 1048576                                   {product} {ergonomic}
    uintx GCDrainStackTargetSize                   = 64                                        {product} {ergonomic}
   size_t InitialHeapSize                          = 130023424                                 {product} {ergonomic}
   size_t MarkStackSize                            = 4194304                                   {product} {ergonomic}
   size_t MaxHeapSize                              = 2147483648                                {product} {command line}
   size_t MaxNewSize                               = 1287651328                                {product} {ergonomic}
   size_t MinHeapDeltaBytes                        = 1048576                                   {product} {ergonomic}
   size_t MinHeapSize                              = 8388608                                   {product} {ergonomic}
    uintx NonNMethodCodeHeapSize                   = 5839372                                {pd product} {ergonomic}
    uintx NonProfiledCodeHeapSize                  = 122909434                              {pd product} {ergonomic}
    uintx ProfiledCodeHeapSize                     = 122909434                              {pd product} {ergonomic}
    uintx ReservedCodeCacheSize                    = 251658240                              {pd product} {ergonomic}
     bool SegmentedCodeCache                       = true                                      {product} {ergonomic}
   size_t SoftMaxHeapSize                          = 2147483648                             {manageable} {ergonomic}
     bool UseCompressedClassPointers               = true                           {product lp64_product} {ergonomic}
     bool UseCompressedOops                        = true                           {product lp64_product} {ergonomic}
     bool UseG1GC                                  = true                                      {product} {ergonomic}
     bool UseLargePagesIndividualAllocation        = false                                  {pd product} {ergonomic}

Logging:
Log output configuration:
 #0: stdout all=warning uptime,level,tags
 #1: stderr all=off uptime,level,tags

Environment Variables:
JAVA_HOME=C:\Program Files\Java\jdk1.8.0_333
PATH=C:\Users\USER\Desktop\oracle\bin;C:\Program Files (x86)\Microsoft SDKs\Azure\CLI2\wbin;C:\oraclexe\app\oracle\product\11.2.0\server\bin;;C:\Program Files\Common Files\Oracle\Java\javapath;C:\oraclexe\app\oracle\product\11.2.0\server\bin;C:\Program Files (x86)\Common Files\Oracle\Java\javapath;C:\WINDOWS\system32;C:\WINDOWS;C:\WINDOWS\System32\Wbem;C:\WINDOWS\System32\WindowsPowerShell\v1.0\;C:\WINDOWS\System32\OpenSSH\;C:\Program Files\Java\jdk1.8.0_333\bin;C:\Program Files\Git\cmd;C:\Program Files\dotnet\;C:\Program Files\nodejs\;C:\Program Files\Go\bin;C:\Program Files\Docker\Docker\resources\bin;C:\Program Files\Kubernetes\Minikube;C:\ProgramData\chocolatey\bin;C:\Program Files\Amazon\AWSCLI\bin\;C:\Program Files\MySQL\MySQL Shell 8.0\bin\;C:\Users\USER\AppData\Local\Programs\Python\Python310\Scripts\;C:\Users\USER\AppData\Local\Programs\Python\Python310\;C:\Users\USER\AppData\Local\Microsoft\WindowsApps;C:\Users\USER\AppData\Local\GitHubDesktop\bin;C:\Users\USER\AppData\Roaming\npm;C:\Users\USER\.dotnet\tools;C:\Users\USER\go\bin;C:\Program Files\JetBrains\PyCharm Community Edition 2023.1.1\bin;C:\Program Files\heroku\bin;C:\Users\USER\AppData\Local\JetBrains\Toolbox\scripts;C:\Users\USER\AppData\Local\Programs\Microsoft VS Code\bin;C:\Program Files\GPAC
USERNAME=USER
OS=Windows_NT
PROCESSOR_IDENTIFIER=Intel64 Family 6 Model 140 Stepping 1, GenuineIntel
TMP=C:\Users\USER\AppData\Local\Temp
TEMP=C:\Users\USER\AppData\Local\Temp


JNI global refs:
JNI global refs: 26, weak refs: 65

JNI global refs memory usage: 843, weak refs: 1473


---------------  S Y S T E M  ---------------

OS:
 Windows 10 , 64 bit Build 19041 (10.0.19041.3570)
OS uptime: 4 days 1:19 hours

CPU: total 8 (initial active 8) (4 cores per cpu, 2 threads per core) family 6 model 140 stepping 1 microcode 0x9a, cx8, cmov, fxsr, ht, mmx, 3dnowpref, sse, sse2, sse3, ssse3, sse4.1, sse4.2, popcnt, lzcnt, tsc, tscinvbit, avx, avx2, aes, erms, clmul, bmi1, bmi2, adx, avx512f, avx512dq, avx512cd, avx512bw, avx512vl, sha, fma, vzeroupper, avx512_vpopcntdq, avx512_vpclmulqdq, avx512_vaes, avx512_vnni, clflush, clflushopt, clwb, avx512_vbmi2, avx512_vbmi

Memory: 4k page, system-wide physical 7865M (367M free)
TotalPageFile size 23865M (AvailPageFile size 24M)
current process WorkingSet (physical memory assigned to process): 390M, peak: 397M
current process commit charge ("private bytes"): 464M, peak: 514M

vm_info: OpenJDK 64-Bit Server VM (17.0.6+0-b2043.56-10027231) for windows-amd64 JRE (17.0.6+0-b2043.56-10027231), built on Apr 28 2023 00:43:19 by "androidbuild" with MS VC++ 16.10 / 16.11 (VS2019)

END.
